 * abi_x86_64.amd64: running multilib-minimal_abi_src_configure
>>> Working in BUILD_DIR: "/portage/tmp/portage/media-libs/glu-9.0.0-r1/work/glu-9.0.0-abi_x86_64.amd64"
 * econf: updating glu-9.0.0/config.guess with /usr/share/gnuconfig/config.guess
 * econf: updating glu-9.0.0/config.sub with /usr/share/gnuconfig/config.sub
/portage/tmp/portage/media-libs/glu-9.0.0-r1/work/glu-9.0.0/configure --prefix=/usr --build=x86_64-pc-linux-gnu --host=x86_64-pc-linux-gnu --mandir=/usr/share/man --infodir=/usr/share/info --datadir=/usr/share --sysconfdir=/etc --localstatedir=/var/lib --disable-dependency-tracking --disable-silent-rules --libdir=/usr/lib64 --docdir=/usr/share/doc/glu-9.0.0-r1 --enable-shared --disable-static
checking build system type... x86_64-pc-linux-gnu
checking host system type... x86_64-pc-linux-gnu
checking for a BSD-compatible install... /usr/lib/portage/python3.6/ebuild-helpers/xattr/install -c
checking whether build environment is sane... yes
checking for a thread-safe mkdir -p... /bin/mkdir -p
checking for gawk... gawk
checking whether make sets $(MAKE)... yes
checking how to print strings... printf
checking for style of include used by make... GNU
checking for x86_64-pc-linux-gnu-gcc... x86_64-pc-linux-gnu-gcc
checking whether the C compiler works... yes
checking for C compiler default output file name... a.out
checking for suffix of executables... 
checking whether we are cross compiling... no
checking for suffix of object files... o
checking whether we are using the GNU C compiler... yes
checking whether x86_64-pc-linux-gnu-gcc accepts -g... yes
checking for x86_64-pc-linux-gnu-gcc option to accept ISO C89... none needed
checking dependency style of x86_64-pc-linux-gnu-gcc... none
checking for a sed that does not truncate output... /bin/sed
checking for grep that handles long lines and -e... /bin/grep
checking for egrep... /bin/grep -E
checking for fgrep... /bin/grep -F
checking for ld used by x86_64-pc-linux-gnu-gcc... /usr/x86_64-pc-linux-gnu/bin/ld
checking if the linker (/usr/x86_64-pc-linux-gnu/bin/ld) is GNU ld... yes
checking for BSD- or MS-compatible name lister (nm)... /usr/bin/x86_64-pc-linux-gnu-nm -B
checking the name lister (/usr/bin/x86_64-pc-linux-gnu-nm -B) interface... BSD nm
checking whether ln -s works... yes
checking the maximum length of command line arguments... 1572864
checking whether the shell understands some XSI constructs... yes
checking whether the shell understands "+="... yes
checking how to convert x86_64-pc-linux-gnu file names to x86_64-pc-linux-gnu format... func_convert_file_noop
checking how to convert x86_64-pc-linux-gnu file names to toolchain format... func_convert_file_noop
checking for /usr/x86_64-pc-linux-gnu/bin/ld option to reload object files... -r
checking for x86_64-pc-linux-gnu-objdump... x86_64-pc-linux-gnu-objdump
checking how to recognize dependent libraries... pass_all
checking for x86_64-pc-linux-gnu-dlltool... no
checking for dlltool... no
checking how to associate runtime and link libraries... printf %s\n
checking for x86_64-pc-linux-gnu-ar... x86_64-pc-linux-gnu-ar
checking for archiver @FILE support... @
checking for x86_64-pc-linux-gnu-strip... x86_64-pc-linux-gnu-strip
checking for x86_64-pc-linux-gnu-ranlib... x86_64-pc-linux-gnu-ranlib
checking command to parse /usr/bin/x86_64-pc-linux-gnu-nm -B output from x86_64-pc-linux-gnu-gcc object... ok
checking for sysroot... no
checking for x86_64-pc-linux-gnu-mt... no
checking for mt... no
checking if : is a manifest tool... no
checking how to run the C preprocessor... x86_64-pc-linux-gnu-gcc -E
checking for ANSI C header files... yes
checking for sys/types.h... yes
checking for sys/stat.h... yes
checking for stdlib.h... yes
checking for string.h... yes
checking for memory.h... yes
checking for strings.h... yes
checking for inttypes.h... yes
checking for stdint.h... yes
checking for unistd.h... yes
checking for dlfcn.h... yes
checking for objdir... .libs
checking if x86_64-pc-linux-gnu-gcc supports -fno-rtti -fno-exceptions... no
checking for x86_64-pc-linux-gnu-gcc option to produce PIC... -fPIC -DPIC
checking if x86_64-pc-linux-gnu-gcc PIC flag -fPIC -DPIC works... yes
checking if x86_64-pc-linux-gnu-gcc static flag -static works... yes
checking if x86_64-pc-linux-gnu-gcc supports -c -o file.o... yes
checking if x86_64-pc-linux-gnu-gcc supports -c -o file.o... (cached) yes
checking whether the x86_64-pc-linux-gnu-gcc linker (/usr/x86_64-pc-linux-gnu/bin/ld -m elf_x86_64) supports shared libraries... yes
checking whether -lc should be explicitly linked in... no
checking dynamic linker characteristics... GNU/Linux ld.so
checking how to hardcode library paths into programs... immediate
checking whether stripping libraries is possible... yes
checking if libtool supports shared libraries... yes
checking whether to build shared libraries... yes
checking whether to build static libraries... no
checking how to run the C preprocessor... x86_64-pc-linux-gnu-gcc -E
checking for x86_64-pc-linux-gnu-gcc... (cached) x86_64-pc-linux-gnu-gcc
checking whether we are using the GNU C compiler... (cached) yes
checking whether x86_64-pc-linux-gnu-gcc accepts -g... (cached) yes
checking for x86_64-pc-linux-gnu-gcc option to accept ISO C89... (cached) none needed
checking dependency style of x86_64-pc-linux-gnu-gcc... (cached) none
checking for x86_64-pc-linux-gnu-g++... x86_64-pc-linux-gnu-g++
checking whether we are using the GNU C++ compiler... yes
checking whether x86_64-pc-linux-gnu-g++ accepts -g... yes
checking dependency style of x86_64-pc-linux-gnu-g++... none
checking how to run the C++ preprocessor... x86_64-pc-linux-gnu-g++ -E
checking for ld used by x86_64-pc-linux-gnu-g++... /usr/x86_64-pc-linux-gnu/bin/ld -m elf_x86_64
checking if the linker (/usr/x86_64-pc-linux-gnu/bin/ld -m elf_x86_64) is GNU ld... yes
checking whether the x86_64-pc-linux-gnu-g++ linker (/usr/x86_64-pc-linux-gnu/bin/ld -m elf_x86_64) supports shared libraries... yes
checking for x86_64-pc-linux-gnu-g++ option to produce PIC... -fPIC -DPIC
checking if x86_64-pc-linux-gnu-g++ PIC flag -fPIC -DPIC works... yes
checking if x86_64-pc-linux-gnu-g++ static flag -static works... yes
checking if x86_64-pc-linux-gnu-g++ supports -c -o file.o... yes
checking if x86_64-pc-linux-gnu-g++ supports -c -o file.o... (cached) yes
checking whether the x86_64-pc-linux-gnu-g++ linker (/usr/x86_64-pc-linux-gnu/bin/ld -m elf_x86_64) supports shared libraries... yes
checking dynamic linker characteristics... (cached) GNU/Linux ld.so
checking how to hardcode library paths into programs... immediate
checking whether make supports nested variables... yes
checking for x86_64-pc-linux-gnu-pkg-config... /usr/bin/x86_64-pc-linux-gnu-pkg-config
checking pkg-config is at least version 0.9.0... yes
checking for GL... yes
checking whether x86_64-pc-linux-gnu-gcc supports -fvisibility=hidden... yes
checking whether x86_64-pc-linux-gnu-g++ supports -fvisibility=hidden... yes
checking that generated files are newer than configure... done
configure: creating ./config.status
config.status: creating Makefile
config.status: creating glu.pc
config.status: executing depfiles commands
config.status: executing libtool commands
