 * abi_x86_32.x86: running multilib-minimal_abi_src_configure
>>> Working in BUILD_DIR: "/portage/tmp/portage/media-libs/glu-9.0.0-r1/work/glu-9.0.0-abi_x86_32.x86"
 * econf: updating glu-9.0.0/config.sub with /usr/share/gnuconfig/config.sub
 * econf: updating glu-9.0.0/config.guess with /usr/share/gnuconfig/config.guess
/portage/tmp/portage/media-libs/glu-9.0.0-r1/work/glu-9.0.0/configure --prefix=/usr --build=i686-pc-linux-gnu --host=i686-pc-linux-gnu --mandir=/usr/share/man --infodir=/usr/share/info --datadir=/usr/share --sysconfdir=/etc --localstatedir=/var/lib --disable-dependency-tracking --disable-silent-rules --libdir=/usr/lib --docdir=/usr/share/doc/glu-9.0.0-r1 --enable-shared --disable-static
checking build system type... i686-pc-linux-gnu
checking host system type... i686-pc-linux-gnu
checking for a BSD-compatible install... /usr/lib/portage/python3.6/ebuild-helpers/xattr/install -c
checking whether build environment is sane... yes
checking for a thread-safe mkdir -p... /bin/mkdir -p
checking for gawk... gawk
checking whether make sets $(MAKE)... yes
checking how to print strings... printf
checking for style of include used by make... GNU
checking for i686-pc-linux-gnu-gcc... x86_64-pc-linux-gnu-gcc -m32
checking whether the C compiler works... yes
checking for C compiler default output file name... a.out
checking for suffix of executables... 
checking whether we are cross compiling... no
checking for suffix of object files... o
checking whether we are using the GNU C compiler... yes
checking whether x86_64-pc-linux-gnu-gcc -m32 accepts -g... yes
checking for x86_64-pc-linux-gnu-gcc -m32 option to accept ISO C89... none needed
checking dependency style of x86_64-pc-linux-gnu-gcc -m32... none
checking for a sed that does not truncate output... /bin/sed
checking for grep that handles long lines and -e... /bin/grep
checking for egrep... /bin/grep -E
checking for fgrep... /bin/grep -F
checking for ld used by x86_64-pc-linux-gnu-gcc -m32... x86_64-pc-linux-gnu-ld -m elf_i386
checking if the linker (x86_64-pc-linux-gnu-ld -m elf_i386) is GNU ld... yes
checking for BSD- or MS-compatible name lister (nm)... /usr/bin/nm -B
checking the name lister (/usr/bin/nm -B) interface... BSD nm
checking whether ln -s works... yes
checking the maximum length of command line arguments... 1572864
checking whether the shell understands some XSI constructs... yes
checking whether the shell understands "+="... yes
checking how to convert i686-pc-linux-gnu file names to i686-pc-linux-gnu format... func_convert_file_noop
checking how to convert i686-pc-linux-gnu file names to toolchain format... func_convert_file_noop
checking for x86_64-pc-linux-gnu-ld -m elf_i386 option to reload object files... -r
checking for i686-pc-linux-gnu-objdump... no
checking for objdump... objdump
checking how to recognize dependent libraries... pass_all
checking for i686-pc-linux-gnu-dlltool... no
checking for dlltool... no
checking how to associate runtime and link libraries... printf %s\n
checking for i686-pc-linux-gnu-ar... no
checking for ar... ar
checking for archiver @FILE support... @
checking for i686-pc-linux-gnu-strip... no
checking for strip... strip
checking for i686-pc-linux-gnu-ranlib... no
checking for ranlib... ranlib
checking command to parse /usr/bin/nm -B output from x86_64-pc-linux-gnu-gcc -m32 object... ok
checking for sysroot... no
checking for i686-pc-linux-gnu-mt... no
checking for mt... no
checking if : is a manifest tool... no
checking how to run the C preprocessor... x86_64-pc-linux-gnu-gcc -m32 -E
checking for ANSI C header files... yes
checking for sys/types.h... yes
checking for sys/stat.h... yes
checking for stdlib.h... yes
checking for string.h... yes
checking for memory.h... yes
checking for strings.h... yes
checking for inttypes.h... yes
checking for stdint.h... yes
checking for unistd.h... yes
checking for dlfcn.h... yes
checking for objdir... .libs
checking if x86_64-pc-linux-gnu-gcc -m32 supports -fno-rtti -fno-exceptions... no
checking for x86_64-pc-linux-gnu-gcc -m32 option to produce PIC... -fPIC -DPIC
checking if x86_64-pc-linux-gnu-gcc -m32 PIC flag -fPIC -DPIC works... yes
checking if x86_64-pc-linux-gnu-gcc -m32 static flag -static works... yes
checking if x86_64-pc-linux-gnu-gcc -m32 supports -c -o file.o... yes
checking if x86_64-pc-linux-gnu-gcc -m32 supports -c -o file.o... (cached) yes
checking whether the x86_64-pc-linux-gnu-gcc -m32 linker (x86_64-pc-linux-gnu-ld -m elf_i386) supports shared libraries... yes
checking whether -lc should be explicitly linked in... no
checking dynamic linker characteristics... GNU/Linux ld.so
checking how to hardcode library paths into programs... immediate
checking whether stripping libraries is possible... yes
checking if libtool supports shared libraries... yes
checking whether to build shared libraries... yes
checking whether to build static libraries... no
checking how to run the C preprocessor... x86_64-pc-linux-gnu-gcc -m32 -E
checking for i686-pc-linux-gnu-gcc... (cached) x86_64-pc-linux-gnu-gcc -m32
checking whether we are using the GNU C compiler... (cached) yes
checking whether x86_64-pc-linux-gnu-gcc -m32 accepts -g... (cached) yes
checking for x86_64-pc-linux-gnu-gcc -m32 option to accept ISO C89... (cached) none needed
checking dependency style of x86_64-pc-linux-gnu-gcc -m32... (cached) none
checking whether we are using the GNU C++ compiler... yes
checking whether x86_64-pc-linux-gnu-g++ -m32 accepts -g... yes
checking dependency style of x86_64-pc-linux-gnu-g++ -m32... none
checking how to run the C++ preprocessor... x86_64-pc-linux-gnu-g++ -m32 -E
checking for ld used by x86_64-pc-linux-gnu-g++ -m32... x86_64-pc-linux-gnu-ld -m elf_i386
checking if the linker (x86_64-pc-linux-gnu-ld -m elf_i386) is GNU ld... yes
checking whether the x86_64-pc-linux-gnu-g++ -m32 linker (x86_64-pc-linux-gnu-ld -m elf_i386) supports shared libraries... yes
checking for x86_64-pc-linux-gnu-g++ -m32 option to produce PIC... -fPIC -DPIC
checking if x86_64-pc-linux-gnu-g++ -m32 PIC flag -fPIC -DPIC works... yes
checking if x86_64-pc-linux-gnu-g++ -m32 static flag -static works... yes
checking if x86_64-pc-linux-gnu-g++ -m32 supports -c -o file.o... yes
checking if x86_64-pc-linux-gnu-g++ -m32 supports -c -o file.o... (cached) yes
checking whether the x86_64-pc-linux-gnu-g++ -m32 linker (x86_64-pc-linux-gnu-ld -m elf_i386) supports shared libraries... yes
checking dynamic linker characteristics... (cached) GNU/Linux ld.so
checking how to hardcode library paths into programs... immediate
checking whether make supports nested variables... yes
checking for i686-pc-linux-gnu-pkg-config... /usr/bin/i686-pc-linux-gnu-pkg-config
checking pkg-config is at least version 0.9.0... yes
checking for GL... yes
checking whether x86_64-pc-linux-gnu-gcc -m32 supports -fvisibility=hidden... yes
checking whether x86_64-pc-linux-gnu-g++ -m32 supports -fvisibility=hidden... yes
checking that generated files are newer than configure... done
configure: creating ./config.status
config.status: creating Makefile
config.status: creating glu.pc
config.status: executing depfiles commands
config.status: executing libtool commands
 * abi_x86_32.x86: running multilib-minimal_abi_src_compile
make -j8 -l9 
/bin/sh ./libtool  --tag=CC   --mode=compile x86_64-pc-linux-gnu-gcc -m32 -DPACKAGE_NAME=\"glu\" -DPACKAGE_TARNAME=\"glu\" -DPACKAGE_VERSION=\"9.0.0\" -DPACKAGE_STRING=\"glu\ 9.0.0\" -DPACKAGE_BUGREPORT=\"https://bugs.freedesktop.org/enter_bug.cgi\?product=Mesa\&component=GLU\" -DPACKAGE_URL=\"\" -DPACKAGE=\"glu\" -DVERSION=\"9.0.0\" -DSTDC_HEADERS=1 -DHAVE_SYS_TYPES_H=1 -DHAVE_SYS_STAT_H=1 -DHAVE_STDLIB_H=1 -DHAVE_STRING_H=1 -DHAVE_MEMORY_H=1 -DHAVE_STRINGS_H=1 -DHAVE_INTTYPES_H=1 -DHAVE_STDINT_H=1 -DHAVE_UNISTD_H=1 -DHAVE_DLFCN_H=1 -DLT_OBJDIR=\".libs/\" -I. -I/portage/tmp/portage/media-libs/glu-9.0.0-r1/work/glu-9.0.0  -DLIBRARYBUILD -I/portage/tmp/portage/media-libs/glu-9.0.0-r1/work/glu-9.0.0/include -I/portage/tmp/portage/media-libs/glu-9.0.0-r1/work/glu-9.0.0/src/include -I/portage/tmp/portage/media-libs/glu-9.0.0-r1/work/glu-9.0.0/src/libnurbs/internals -I/portage/tmp/portage/media-libs/glu-9.0.0-r1/work/glu-9.0.0/src/libnurbs/interface -I/portage/tmp/portage/media-libs/glu-9.0.0-r1/work/glu-9.0.0/src/libnurbs/nurbtess  -I/usr/include/libdrm  -Wall -fvisibility=hidden -march=bdver2 -O3 -fgraphite-identity -floop-nest-optimize -fdevirtualize-at-ltrans -fipa-pta -fno-semantic-interposition -flto=8 -fuse-linker-plugin -fuse-ld=gold -pipe -Wl,-O1 -Wl,--as-needed -Wl,--hash-style=gnu -c -o src/libutil/error.lo /portage/tmp/portage/media-libs/glu-9.0.0-r1/work/glu-9.0.0/src/libutil/error.c
/bin/sh ./libtool  --tag=CC   --mode=compile x86_64-pc-linux-gnu-gcc -m32 -DPACKAGE_NAME=\"glu\" -DPACKAGE_TARNAME=\"glu\" -DPACKAGE_VERSION=\"9.0.0\" -DPACKAGE_STRING=\"glu\ 9.0.0\" -DPACKAGE_BUGREPORT=\"https://bugs.freedesktop.org/enter_bug.cgi\?product=Mesa\&component=GLU\" -DPACKAGE_URL=\"\" -DPACKAGE=\"glu\" -DVERSION=\"9.0.0\" -DSTDC_HEADERS=1 -DHAVE_SYS_TYPES_H=1 -DHAVE_SYS_STAT_H=1 -DHAVE_STDLIB_H=1 -DHAVE_STRING_H=1 -DHAVE_MEMORY_H=1 -DHAVE_STRINGS_H=1 -DHAVE_INTTYPES_H=1 -DHAVE_STDINT_H=1 -DHAVE_UNISTD_H=1 -DHAVE_DLFCN_H=1 -DLT_OBJDIR=\".libs/\" -I. -I/portage/tmp/portage/media-libs/glu-9.0.0-r1/work/glu-9.0.0  -DLIBRARYBUILD -I/portage/tmp/portage/media-libs/glu-9.0.0-r1/work/glu-9.0.0/include -I/portage/tmp/portage/media-libs/glu-9.0.0-r1/work/glu-9.0.0/src/include -I/portage/tmp/portage/media-libs/glu-9.0.0-r1/work/glu-9.0.0/src/libnurbs/internals -I/portage/tmp/portage/media-libs/glu-9.0.0-r1/work/glu-9.0.0/src/libnurbs/interface -I/portage/tmp/portage/media-libs/glu-9.0.0-r1/work/glu-9.0.0/src/libnurbs/nurbtess  -I/usr/include/libdrm  -Wall -fvisibility=hidden -march=bdver2 -O3 -fgraphite-identity -floop-nest-optimize -fdevirtualize-at-ltrans -fipa-pta -fno-semantic-interposition -flto=8 -fuse-linker-plugin -fuse-ld=gold -pipe -Wl,-O1 -Wl,--as-needed -Wl,--hash-style=gnu -c -o src/libutil/glue.lo /portage/tmp/portage/media-libs/glu-9.0.0-r1/work/glu-9.0.0/src/libutil/glue.c
/bin/sh ./libtool  --tag=CC   --mode=compile x86_64-pc-linux-gnu-gcc -m32 -DPACKAGE_NAME=\"glu\" -DPACKAGE_TARNAME=\"glu\" -DPACKAGE_VERSION=\"9.0.0\" -DPACKAGE_STRING=\"glu\ 9.0.0\" -DPACKAGE_BUGREPORT=\"https://bugs.freedesktop.org/enter_bug.cgi\?product=Mesa\&component=GLU\" -DPACKAGE_URL=\"\" -DPACKAGE=\"glu\" -DVERSION=\"9.0.0\" -DSTDC_HEADERS=1 -DHAVE_SYS_TYPES_H=1 -DHAVE_SYS_STAT_H=1 -DHAVE_STDLIB_H=1 -DHAVE_STRING_H=1 -DHAVE_MEMORY_H=1 -DHAVE_STRINGS_H=1 -DHAVE_INTTYPES_H=1 -DHAVE_STDINT_H=1 -DHAVE_UNISTD_H=1 -DHAVE_DLFCN_H=1 -DLT_OBJDIR=\".libs/\" -I. -I/portage/tmp/portage/media-libs/glu-9.0.0-r1/work/glu-9.0.0  -DLIBRARYBUILD -I/portage/tmp/portage/media-libs/glu-9.0.0-r1/work/glu-9.0.0/include -I/portage/tmp/portage/media-libs/glu-9.0.0-r1/work/glu-9.0.0/src/include -I/portage/tmp/portage/media-libs/glu-9.0.0-r1/work/glu-9.0.0/src/libnurbs/internals -I/portage/tmp/portage/media-libs/glu-9.0.0-r1/work/glu-9.0.0/src/libnurbs/interface -I/portage/tmp/portage/media-libs/glu-9.0.0-r1/work/glu-9.0.0/src/libnurbs/nurbtess  -I/usr/include/libdrm  -Wall -fvisibility=hidden -march=bdver2 -O3 -fgraphite-identity -floop-nest-optimize -fdevirtualize-at-ltrans -fipa-pta -fno-semantic-interposition -flto=8 -fuse-linker-plugin -fuse-ld=gold -pipe -Wl,-O1 -Wl,--as-needed -Wl,--hash-style=gnu -c -o src/libutil/mipmap.lo /portage/tmp/portage/media-libs/glu-9.0.0-r1/work/glu-9.0.0/src/libutil/mipmap.c
/bin/sh ./libtool  --tag=CC   --mode=compile x86_64-pc-linux-gnu-gcc -m32 -DPACKAGE_NAME=\"glu\" -DPACKAGE_TARNAME=\"glu\" -DPACKAGE_VERSION=\"9.0.0\" -DPACKAGE_STRING=\"glu\ 9.0.0\" -DPACKAGE_BUGREPORT=\"https://bugs.freedesktop.org/enter_bug.cgi\?product=Mesa\&component=GLU\" -DPACKAGE_URL=\"\" -DPACKAGE=\"glu\" -DVERSION=\"9.0.0\" -DSTDC_HEADERS=1 -DHAVE_SYS_TYPES_H=1 -DHAVE_SYS_STAT_H=1 -DHAVE_STDLIB_H=1 -DHAVE_STRING_H=1 -DHAVE_MEMORY_H=1 -DHAVE_STRINGS_H=1 -DHAVE_INTTYPES_H=1 -DHAVE_STDINT_H=1 -DHAVE_UNISTD_H=1 -DHAVE_DLFCN_H=1 -DLT_OBJDIR=\".libs/\" -I. -I/portage/tmp/portage/media-libs/glu-9.0.0-r1/work/glu-9.0.0  -DLIBRARYBUILD -I/portage/tmp/portage/media-libs/glu-9.0.0-r1/work/glu-9.0.0/include -I/portage/tmp/portage/media-libs/glu-9.0.0-r1/work/glu-9.0.0/src/include -I/portage/tmp/portage/media-libs/glu-9.0.0-r1/work/glu-9.0.0/src/libnurbs/internals -I/portage/tmp/portage/media-libs/glu-9.0.0-r1/work/glu-9.0.0/src/libnurbs/interface -I/portage/tmp/portage/media-libs/glu-9.0.0-r1/work/glu-9.0.0/src/libnurbs/nurbtess  -I/usr/include/libdrm  -Wall -fvisibility=hidden -march=bdver2 -O3 -fgraphite-identity -floop-nest-optimize -fdevirtualize-at-ltrans -fipa-pta -fno-semantic-interposition -flto=8 -fuse-linker-plugin -fuse-ld=gold -pipe -Wl,-O1 -Wl,--as-needed -Wl,--hash-style=gnu -c -o src/libutil/project.lo /portage/tmp/portage/media-libs/glu-9.0.0-r1/work/glu-9.0.0/src/libutil/project.c
/bin/sh ./libtool  --tag=CC   --mode=compile x86_64-pc-linux-gnu-gcc -m32 -DPACKAGE_NAME=\"glu\" -DPACKAGE_TARNAME=\"glu\" -DPACKAGE_VERSION=\"9.0.0\" -DPACKAGE_STRING=\"glu\ 9.0.0\" -DPACKAGE_BUGREPORT=\"https://bugs.freedesktop.org/enter_bug.cgi\?product=Mesa\&component=GLU\" -DPACKAGE_URL=\"\" -DPACKAGE=\"glu\" -DVERSION=\"9.0.0\" -DSTDC_HEADERS=1 -DHAVE_SYS_TYPES_H=1 -DHAVE_SYS_STAT_H=1 -DHAVE_STDLIB_H=1 -DHAVE_STRING_H=1 -DHAVE_MEMORY_H=1 -DHAVE_STRINGS_H=1 -DHAVE_INTTYPES_H=1 -DHAVE_STDINT_H=1 -DHAVE_UNISTD_H=1 -DHAVE_DLFCN_H=1 -DLT_OBJDIR=\".libs/\" -I. -I/portage/tmp/portage/media-libs/glu-9.0.0-r1/work/glu-9.0.0  -DLIBRARYBUILD -I/portage/tmp/portage/media-libs/glu-9.0.0-r1/work/glu-9.0.0/include -I/portage/tmp/portage/media-libs/glu-9.0.0-r1/work/glu-9.0.0/src/include -I/portage/tmp/portage/media-libs/glu-9.0.0-r1/work/glu-9.0.0/src/libnurbs/internals -I/portage/tmp/portage/media-libs/glu-9.0.0-r1/work/glu-9.0.0/src/libnurbs/interface -I/portage/tmp/portage/media-libs/glu-9.0.0-r1/work/glu-9.0.0/src/libnurbs/nurbtess  -I/usr/include/libdrm  -Wall -fvisibility=hidden -march=bdver2 -O3 -fgraphite-identity -floop-nest-optimize -fdevirtualize-at-ltrans -fipa-pta -fno-semantic-interposition -flto=8 -fuse-linker-plugin -fuse-ld=gold -pipe -Wl,-O1 -Wl,--as-needed -Wl,--hash-style=gnu -c -o src/libutil/quad.lo /portage/tmp/portage/media-libs/glu-9.0.0-r1/work/glu-9.0.0/src/libutil/quad.c
/bin/sh ./libtool  --tag=CC   --mode=compile x86_64-pc-linux-gnu-gcc -m32 -DPACKAGE_NAME=\"glu\" -DPACKAGE_TARNAME=\"glu\" -DPACKAGE_VERSION=\"9.0.0\" -DPACKAGE_STRING=\"glu\ 9.0.0\" -DPACKAGE_BUGREPORT=\"https://bugs.freedesktop.org/enter_bug.cgi\?product=Mesa\&component=GLU\" -DPACKAGE_URL=\"\" -DPACKAGE=\"glu\" -DVERSION=\"9.0.0\" -DSTDC_HEADERS=1 -DHAVE_SYS_TYPES_H=1 -DHAVE_SYS_STAT_H=1 -DHAVE_STDLIB_H=1 -DHAVE_STRING_H=1 -DHAVE_MEMORY_H=1 -DHAVE_STRINGS_H=1 -DHAVE_INTTYPES_H=1 -DHAVE_STDINT_H=1 -DHAVE_UNISTD_H=1 -DHAVE_DLFCN_H=1 -DLT_OBJDIR=\".libs/\" -I. -I/portage/tmp/portage/media-libs/glu-9.0.0-r1/work/glu-9.0.0  -DLIBRARYBUILD -I/portage/tmp/portage/media-libs/glu-9.0.0-r1/work/glu-9.0.0/include -I/portage/tmp/portage/media-libs/glu-9.0.0-r1/work/glu-9.0.0/src/include -I/portage/tmp/portage/media-libs/glu-9.0.0-r1/work/glu-9.0.0/src/libnurbs/internals -I/portage/tmp/portage/media-libs/glu-9.0.0-r1/work/glu-9.0.0/src/libnurbs/interface -I/portage/tmp/portage/media-libs/glu-9.0.0-r1/work/glu-9.0.0/src/libnurbs/nurbtess  -I/usr/include/libdrm  -Wall -fvisibility=hidden -march=bdver2 -O3 -fgraphite-identity -floop-nest-optimize -fdevirtualize-at-ltrans -fipa-pta -fno-semantic-interposition -flto=8 -fuse-linker-plugin -fuse-ld=gold -pipe -Wl,-O1 -Wl,--as-needed -Wl,--hash-style=gnu -c -o src/libutil/registry.lo /portage/tmp/portage/media-libs/glu-9.0.0-r1/work/glu-9.0.0/src/libutil/registry.c
/bin/sh ./libtool  --tag=CC   --mode=compile x86_64-pc-linux-gnu-gcc -m32 -DPACKAGE_NAME=\"glu\" -DPACKAGE_TARNAME=\"glu\" -DPACKAGE_VERSION=\"9.0.0\" -DPACKAGE_STRING=\"glu\ 9.0.0\" -DPACKAGE_BUGREPORT=\"https://bugs.freedesktop.org/enter_bug.cgi\?product=Mesa\&component=GLU\" -DPACKAGE_URL=\"\" -DPACKAGE=\"glu\" -DVERSION=\"9.0.0\" -DSTDC_HEADERS=1 -DHAVE_SYS_TYPES_H=1 -DHAVE_SYS_STAT_H=1 -DHAVE_STDLIB_H=1 -DHAVE_STRING_H=1 -DHAVE_MEMORY_H=1 -DHAVE_STRINGS_H=1 -DHAVE_INTTYPES_H=1 -DHAVE_STDINT_H=1 -DHAVE_UNISTD_H=1 -DHAVE_DLFCN_H=1 -DLT_OBJDIR=\".libs/\" -I. -I/portage/tmp/portage/media-libs/glu-9.0.0-r1/work/glu-9.0.0  -DLIBRARYBUILD -I/portage/tmp/portage/media-libs/glu-9.0.0-r1/work/glu-9.0.0/include -I/portage/tmp/portage/media-libs/glu-9.0.0-r1/work/glu-9.0.0/src/include -I/portage/tmp/portage/media-libs/glu-9.0.0-r1/work/glu-9.0.0/src/libnurbs/internals -I/portage/tmp/portage/media-libs/glu-9.0.0-r1/work/glu-9.0.0/src/libnurbs/interface -I/portage/tmp/portage/media-libs/glu-9.0.0-r1/work/glu-9.0.0/src/libnurbs/nurbtess  -I/usr/include/libdrm  -Wall -fvisibility=hidden -march=bdver2 -O3 -fgraphite-identity -floop-nest-optimize -fdevirtualize-at-ltrans -fipa-pta -fno-semantic-interposition -flto=8 -fuse-linker-plugin -fuse-ld=gold -pipe -Wl,-O1 -Wl,--as-needed -Wl,--hash-style=gnu -c -o src/libtess/dict.lo /portage/tmp/portage/media-libs/glu-9.0.0-r1/work/glu-9.0.0/src/libtess/dict.c
/bin/sh ./libtool  --tag=CC   --mode=compile x86_64-pc-linux-gnu-gcc -m32 -DPACKAGE_NAME=\"glu\" -DPACKAGE_TARNAME=\"glu\" -DPACKAGE_VERSION=\"9.0.0\" -DPACKAGE_STRING=\"glu\ 9.0.0\" -DPACKAGE_BUGREPORT=\"https://bugs.freedesktop.org/enter_bug.cgi\?product=Mesa\&component=GLU\" -DPACKAGE_URL=\"\" -DPACKAGE=\"glu\" -DVERSION=\"9.0.0\" -DSTDC_HEADERS=1 -DHAVE_SYS_TYPES_H=1 -DHAVE_SYS_STAT_H=1 -DHAVE_STDLIB_H=1 -DHAVE_STRING_H=1 -DHAVE_MEMORY_H=1 -DHAVE_STRINGS_H=1 -DHAVE_INTTYPES_H=1 -DHAVE_STDINT_H=1 -DHAVE_UNISTD_H=1 -DHAVE_DLFCN_H=1 -DLT_OBJDIR=\".libs/\" -I. -I/portage/tmp/portage/media-libs/glu-9.0.0-r1/work/glu-9.0.0  -DLIBRARYBUILD -I/portage/tmp/portage/media-libs/glu-9.0.0-r1/work/glu-9.0.0/include -I/portage/tmp/portage/media-libs/glu-9.0.0-r1/work/glu-9.0.0/src/include -I/portage/tmp/portage/media-libs/glu-9.0.0-r1/work/glu-9.0.0/src/libnurbs/internals -I/portage/tmp/portage/media-libs/glu-9.0.0-r1/work/glu-9.0.0/src/libnurbs/interface -I/portage/tmp/portage/media-libs/glu-9.0.0-r1/work/glu-9.0.0/src/libnurbs/nurbtess  -I/usr/include/libdrm  -Wall -fvisibility=hidden -march=bdver2 -O3 -fgraphite-identity -floop-nest-optimize -fdevirtualize-at-ltrans -fipa-pta -fno-semantic-interposition -flto=8 -fuse-linker-plugin -fuse-ld=gold -pipe -Wl,-O1 -Wl,--as-needed -Wl,--hash-style=gnu -c -o src/libtess/geom.lo /portage/tmp/portage/media-libs/glu-9.0.0-r1/work/glu-9.0.0/src/libtess/geom.c
libtool: compile:  x86_64-pc-linux-gnu-gcc -m32 -DPACKAGE_NAME=\"glu\" -DPACKAGE_TARNAME=\"glu\" -DPACKAGE_VERSION=\"9.0.0\" "-DPACKAGE_STRING=\"glu 9.0.0\"" "-DPACKAGE_BUGREPORT=\"https://bugs.freedesktop.org/enter_bug.cgi?product=Mesa&component=GLU\"" -DPACKAGE_URL=\"\" -DPACKAGE=\"glu\" -DVERSION=\"9.0.0\" -DSTDC_HEADERS=1 -DHAVE_SYS_TYPES_H=1 -DHAVE_SYS_STAT_H=1 -DHAVE_STDLIB_H=1 -DHAVE_STRING_H=1 -DHAVE_MEMORY_H=1 -DHAVE_STRINGS_H=1 -DHAVE_INTTYPES_H=1 -DHAVE_STDINT_H=1 -DHAVE_UNISTD_H=1 -DHAVE_DLFCN_H=1 -DLT_OBJDIR=\".libs/\" -I. -I/portage/tmp/portage/media-libs/glu-9.0.0-r1/work/glu-9.0.0 -DLIBRARYBUILD -I/portage/tmp/portage/media-libs/glu-9.0.0-r1/work/glu-9.0.0/include -I/portage/tmp/portage/media-libs/glu-9.0.0-r1/work/glu-9.0.0/src/include -I/portage/tmp/portage/media-libs/glu-9.0.0-r1/work/glu-9.0.0/src/libnurbs/internals -I/portage/tmp/portage/media-libs/glu-9.0.0-r1/work/glu-9.0.0/src/libnurbs/interface -I/portage/tmp/portage/media-libs/glu-9.0.0-r1/work/glu-9.0.0/src/libnurbs/nurbtess -I/usr/include/libdrm -Wall -fvisibility=hidden -march=bdver2 -O3 -fgraphite-identity -floop-nest-optimize -fdevirtualize-at-ltrans -fipa-pta -fno-semantic-interposition -flto=8 -fuse-linker-plugin -fuse-ld=gold -pipe -Wl,-O1 -Wl,--as-needed -Wl,--hash-style=gnu -c /portage/tmp/portage/media-libs/glu-9.0.0-r1/work/glu-9.0.0/src/libutil/error.c  -fPIC -DPIC -o src/libutil/.libs/error.o
libtool: compile:  x86_64-pc-linux-gnu-gcc -m32 -DPACKAGE_NAME=\"glu\" -DPACKAGE_TARNAME=\"glu\" -DPACKAGE_VERSION=\"9.0.0\" "-DPACKAGE_STRING=\"glu 9.0.0\"" "-DPACKAGE_BUGREPORT=\"https://bugs.freedesktop.org/enter_bug.cgi?product=Mesa&component=GLU\"" -DPACKAGE_URL=\"\" -DPACKAGE=\"glu\" -DVERSION=\"9.0.0\" -DSTDC_HEADERS=1 -DHAVE_SYS_TYPES_H=1 -DHAVE_SYS_STAT_H=1 -DHAVE_STDLIB_H=1 -DHAVE_STRING_H=1 -DHAVE_MEMORY_H=1 -DHAVE_STRINGS_H=1 -DHAVE_INTTYPES_H=1 -DHAVE_STDINT_H=1 -DHAVE_UNISTD_H=1 -DHAVE_DLFCN_H=1 -DLT_OBJDIR=\".libs/\" -I. -I/portage/tmp/portage/media-libs/glu-9.0.0-r1/work/glu-9.0.0 -DLIBRARYBUILD -I/portage/tmp/portage/media-libs/glu-9.0.0-r1/work/glu-9.0.0/include -I/portage/tmp/portage/media-libs/glu-9.0.0-r1/work/glu-9.0.0/src/include -I/portage/tmp/portage/media-libs/glu-9.0.0-r1/work/glu-9.0.0/src/libnurbs/internals -I/portage/tmp/portage/media-libs/glu-9.0.0-r1/work/glu-9.0.0/src/libnurbs/interface -I/portage/tmp/portage/media-libs/glu-9.0.0-r1/work/glu-9.0.0/src/libnurbs/nurbtess -I/usr/include/libdrm -Wall -fvisibility=hidden -march=bdver2 -O3 -fgraphite-identity -floop-nest-optimize -fdevirtualize-at-ltrans -fipa-pta -fno-semantic-interposition -flto=8 -fuse-linker-plugin -fuse-ld=gold -pipe -Wl,-O1 -Wl,--as-needed -Wl,--hash-style=gnu -c /portage/tmp/portage/media-libs/glu-9.0.0-r1/work/glu-9.0.0/src/libutil/project.c  -fPIC -DPIC -o src/libutil/.libs/project.o
libtool: compile:  x86_64-pc-linux-gnu-gcc -m32 -DPACKAGE_NAME=\"glu\" -DPACKAGE_TARNAME=\"glu\" -DPACKAGE_VERSION=\"9.0.0\" "-DPACKAGE_STRING=\"glu 9.0.0\"" "-DPACKAGE_BUGREPORT=\"https://bugs.freedesktop.org/enter_bug.cgi?product=Mesa&component=GLU\"" -DPACKAGE_URL=\"\" -DPACKAGE=\"glu\" -DVERSION=\"9.0.0\" -DSTDC_HEADERS=1 -DHAVE_SYS_TYPES_H=1 -DHAVE_SYS_STAT_H=1 -DHAVE_STDLIB_H=1 -DHAVE_STRING_H=1 -DHAVE_MEMORY_H=1 -DHAVE_STRINGS_H=1 -DHAVE_INTTYPES_H=1 -DHAVE_STDINT_H=1 -DHAVE_UNISTD_H=1 -DHAVE_DLFCN_H=1 -DLT_OBJDIR=\".libs/\" -I. -I/portage/tmp/portage/media-libs/glu-9.0.0-r1/work/glu-9.0.0 -DLIBRARYBUILD -I/portage/tmp/portage/media-libs/glu-9.0.0-r1/work/glu-9.0.0/include -I/portage/tmp/portage/media-libs/glu-9.0.0-r1/work/glu-9.0.0/src/include -I/portage/tmp/portage/media-libs/glu-9.0.0-r1/work/glu-9.0.0/src/libnurbs/internals -I/portage/tmp/portage/media-libs/glu-9.0.0-r1/work/glu-9.0.0/src/libnurbs/interface -I/portage/tmp/portage/media-libs/glu-9.0.0-r1/work/glu-9.0.0/src/libnurbs/nurbtess -I/usr/include/libdrm -Wall -fvisibility=hidden -march=bdver2 -O3 -fgraphite-identity -floop-nest-optimize -fdevirtualize-at-ltrans -fipa-pta -fno-semantic-interposition -flto=8 -fuse-linker-plugin -fuse-ld=gold -pipe -Wl,-O1 -Wl,--as-needed -Wl,--hash-style=gnu -c /portage/tmp/portage/media-libs/glu-9.0.0-r1/work/glu-9.0.0/src/libutil/glue.c  -fPIC -DPIC -o src/libutil/.libs/glue.o
libtool: compile:  x86_64-pc-linux-gnu-gcc -m32 -DPACKAGE_NAME=\"glu\" -DPACKAGE_TARNAME=\"glu\" -DPACKAGE_VERSION=\"9.0.0\" "-DPACKAGE_STRING=\"glu 9.0.0\"" "-DPACKAGE_BUGREPORT=\"https://bugs.freedesktop.org/enter_bug.cgi?product=Mesa&component=GLU\"" -DPACKAGE_URL=\"\" -DPACKAGE=\"glu\" -DVERSION=\"9.0.0\" -DSTDC_HEADERS=1 -DHAVE_SYS_TYPES_H=1 -DHAVE_SYS_STAT_H=1 -DHAVE_STDLIB_H=1 -DHAVE_STRING_H=1 -DHAVE_MEMORY_H=1 -DHAVE_STRINGS_H=1 -DHAVE_INTTYPES_H=1 -DHAVE_STDINT_H=1 -DHAVE_UNISTD_H=1 -DHAVE_DLFCN_H=1 -DLT_OBJDIR=\".libs/\" -I. -I/portage/tmp/portage/media-libs/glu-9.0.0-r1/work/glu-9.0.0 -DLIBRARYBUILD -I/portage/tmp/portage/media-libs/glu-9.0.0-r1/work/glu-9.0.0/include -I/portage/tmp/portage/media-libs/glu-9.0.0-r1/work/glu-9.0.0/src/include -I/portage/tmp/portage/media-libs/glu-9.0.0-r1/work/glu-9.0.0/src/libnurbs/internals -I/portage/tmp/portage/media-libs/glu-9.0.0-r1/work/glu-9.0.0/src/libnurbs/interface -I/portage/tmp/portage/media-libs/glu-9.0.0-r1/work/glu-9.0.0/src/libnurbs/nurbtess -I/usr/include/libdrm -Wall -fvisibility=hidden -march=bdver2 -O3 -fgraphite-identity -floop-nest-optimize -fdevirtualize-at-ltrans -fipa-pta -fno-semantic-interposition -flto=8 -fuse-linker-plugin -fuse-ld=gold -pipe -Wl,-O1 -Wl,--as-needed -Wl,--hash-style=gnu -c /portage/tmp/portage/media-libs/glu-9.0.0-r1/work/glu-9.0.0/src/libutil/registry.c  -fPIC -DPIC -o src/libutil/.libs/registry.o
libtool: compile:  x86_64-pc-linux-gnu-gcc -m32 -DPACKAGE_NAME=\"glu\" -DPACKAGE_TARNAME=\"glu\" -DPACKAGE_VERSION=\"9.0.0\" "-DPACKAGE_STRING=\"glu 9.0.0\"" "-DPACKAGE_BUGREPORT=\"https://bugs.freedesktop.org/enter_bug.cgi?product=Mesa&component=GLU\"" -DPACKAGE_URL=\"\" -DPACKAGE=\"glu\" -DVERSION=\"9.0.0\" -DSTDC_HEADERS=1 -DHAVE_SYS_TYPES_H=1 -DHAVE_SYS_STAT_H=1 -DHAVE_STDLIB_H=1 -DHAVE_STRING_H=1 -DHAVE_MEMORY_H=1 -DHAVE_STRINGS_H=1 -DHAVE_INTTYPES_H=1 -DHAVE_STDINT_H=1 -DHAVE_UNISTD_H=1 -DHAVE_DLFCN_H=1 -DLT_OBJDIR=\".libs/\" -I. -I/portage/tmp/portage/media-libs/glu-9.0.0-r1/work/glu-9.0.0 -DLIBRARYBUILD -I/portage/tmp/portage/media-libs/glu-9.0.0-r1/work/glu-9.0.0/include -I/portage/tmp/portage/media-libs/glu-9.0.0-r1/work/glu-9.0.0/src/include -I/portage/tmp/portage/media-libs/glu-9.0.0-r1/work/glu-9.0.0/src/libnurbs/internals -I/portage/tmp/portage/media-libs/glu-9.0.0-r1/work/glu-9.0.0/src/libnurbs/interface -I/portage/tmp/portage/media-libs/glu-9.0.0-r1/work/glu-9.0.0/src/libnurbs/nurbtess -I/usr/include/libdrm -Wall -fvisibility=hidden -march=bdver2 -O3 -fgraphite-identity -floop-nest-optimize -fdevirtualize-at-ltrans -fipa-pta -fno-semantic-interposition -flto=8 -fuse-linker-plugin -fuse-ld=gold -pipe -Wl,-O1 -Wl,--as-needed -Wl,--hash-style=gnu -c /portage/tmp/portage/media-libs/glu-9.0.0-r1/work/glu-9.0.0/src/libutil/mipmap.c  -fPIC -DPIC -o src/libutil/.libs/mipmap.o
libtool: compile:  x86_64-pc-linux-gnu-gcc -m32 -DPACKAGE_NAME=\"glu\" -DPACKAGE_TARNAME=\"glu\" -DPACKAGE_VERSION=\"9.0.0\" "-DPACKAGE_STRING=\"glu 9.0.0\"" "-DPACKAGE_BUGREPORT=\"https://bugs.freedesktop.org/enter_bug.cgi?product=Mesa&component=GLU\"" -DPACKAGE_URL=\"\" -DPACKAGE=\"glu\" -DVERSION=\"9.0.0\" -DSTDC_HEADERS=1 -DHAVE_SYS_TYPES_H=1 -DHAVE_SYS_STAT_H=1 -DHAVE_STDLIB_H=1 -DHAVE_STRING_H=1 -DHAVE_MEMORY_H=1 -DHAVE_STRINGS_H=1 -DHAVE_INTTYPES_H=1 -DHAVE_STDINT_H=1 -DHAVE_UNISTD_H=1 -DHAVE_DLFCN_H=1 -DLT_OBJDIR=\".libs/\" -I. -I/portage/tmp/portage/media-libs/glu-9.0.0-r1/work/glu-9.0.0 -DLIBRARYBUILD -I/portage/tmp/portage/media-libs/glu-9.0.0-r1/work/glu-9.0.0/include -I/portage/tmp/portage/media-libs/glu-9.0.0-r1/work/glu-9.0.0/src/include -I/portage/tmp/portage/media-libs/glu-9.0.0-r1/work/glu-9.0.0/src/libnurbs/internals -I/portage/tmp/portage/media-libs/glu-9.0.0-r1/work/glu-9.0.0/src/libnurbs/interface -I/portage/tmp/portage/media-libs/glu-9.0.0-r1/work/glu-9.0.0/src/libnurbs/nurbtess -I/usr/include/libdrm -Wall -fvisibility=hidden -march=bdver2 -O3 -fgraphite-identity -floop-nest-optimize -fdevirtualize-at-ltrans -fipa-pta -fno-semantic-interposition -flto=8 -fuse-linker-plugin -fuse-ld=gold -pipe -Wl,-O1 -Wl,--as-needed -Wl,--hash-style=gnu -c /portage/tmp/portage/media-libs/glu-9.0.0-r1/work/glu-9.0.0/src/libutil/quad.c  -fPIC -DPIC -o src/libutil/.libs/quad.o
libtool: compile:  x86_64-pc-linux-gnu-gcc -m32 -DPACKAGE_NAME=\"glu\" -DPACKAGE_TARNAME=\"glu\" -DPACKAGE_VERSION=\"9.0.0\" "-DPACKAGE_STRING=\"glu 9.0.0\"" "-DPACKAGE_BUGREPORT=\"https://bugs.freedesktop.org/enter_bug.cgi?product=Mesa&component=GLU\"" -DPACKAGE_URL=\"\" -DPACKAGE=\"glu\" -DVERSION=\"9.0.0\" -DSTDC_HEADERS=1 -DHAVE_SYS_TYPES_H=1 -DHAVE_SYS_STAT_H=1 -DHAVE_STDLIB_H=1 -DHAVE_STRING_H=1 -DHAVE_MEMORY_H=1 -DHAVE_STRINGS_H=1 -DHAVE_INTTYPES_H=1 -DHAVE_STDINT_H=1 -DHAVE_UNISTD_H=1 -DHAVE_DLFCN_H=1 -DLT_OBJDIR=\".libs/\" -I. -I/portage/tmp/portage/media-libs/glu-9.0.0-r1/work/glu-9.0.0 -DLIBRARYBUILD -I/portage/tmp/portage/media-libs/glu-9.0.0-r1/work/glu-9.0.0/include -I/portage/tmp/portage/media-libs/glu-9.0.0-r1/work/glu-9.0.0/src/include -I/portage/tmp/portage/media-libs/glu-9.0.0-r1/work/glu-9.0.0/src/libnurbs/internals -I/portage/tmp/portage/media-libs/glu-9.0.0-r1/work/glu-9.0.0/src/libnurbs/interface -I/portage/tmp/portage/media-libs/glu-9.0.0-r1/work/glu-9.0.0/src/libnurbs/nurbtess -I/usr/include/libdrm -Wall -fvisibility=hidden -march=bdver2 -O3 -fgraphite-identity -floop-nest-optimize -fdevirtualize-at-ltrans -fipa-pta -fno-semantic-interposition -flto=8 -fuse-linker-plugin -fuse-ld=gold -pipe -Wl,-O1 -Wl,--as-needed -Wl,--hash-style=gnu -c /portage/tmp/portage/media-libs/glu-9.0.0-r1/work/glu-9.0.0/src/libtess/geom.c  -fPIC -DPIC -o src/libtess/.libs/geom.o
libtool: compile:  x86_64-pc-linux-gnu-gcc -m32 -DPACKAGE_NAME=\"glu\" -DPACKAGE_TARNAME=\"glu\" -DPACKAGE_VERSION=\"9.0.0\" "-DPACKAGE_STRING=\"glu 9.0.0\"" "-DPACKAGE_BUGREPORT=\"https://bugs.freedesktop.org/enter_bug.cgi?product=Mesa&component=GLU\"" -DPACKAGE_URL=\"\" -DPACKAGE=\"glu\" -DVERSION=\"9.0.0\" -DSTDC_HEADERS=1 -DHAVE_SYS_TYPES_H=1 -DHAVE_SYS_STAT_H=1 -DHAVE_STDLIB_H=1 -DHAVE_STRING_H=1 -DHAVE_MEMORY_H=1 -DHAVE_STRINGS_H=1 -DHAVE_INTTYPES_H=1 -DHAVE_STDINT_H=1 -DHAVE_UNISTD_H=1 -DHAVE_DLFCN_H=1 -DLT_OBJDIR=\".libs/\" -I. -I/portage/tmp/portage/media-libs/glu-9.0.0-r1/work/glu-9.0.0 -DLIBRARYBUILD -I/portage/tmp/portage/media-libs/glu-9.0.0-r1/work/glu-9.0.0/include -I/portage/tmp/portage/media-libs/glu-9.0.0-r1/work/glu-9.0.0/src/include -I/portage/tmp/portage/media-libs/glu-9.0.0-r1/work/glu-9.0.0/src/libnurbs/internals -I/portage/tmp/portage/media-libs/glu-9.0.0-r1/work/glu-9.0.0/src/libnurbs/interface -I/portage/tmp/portage/media-libs/glu-9.0.0-r1/work/glu-9.0.0/src/libnurbs/nurbtess -I/usr/include/libdrm -Wall -fvisibility=hidden -march=bdver2 -O3 -fgraphite-identity -floop-nest-optimize -fdevirtualize-at-ltrans -fipa-pta -fno-semantic-interposition -flto=8 -fuse-linker-plugin -fuse-ld=gold -pipe -Wl,-O1 -Wl,--as-needed -Wl,--hash-style=gnu -c /portage/tmp/portage/media-libs/glu-9.0.0-r1/work/glu-9.0.0/src/libtess/dict.c  -fPIC -DPIC -o src/libtess/.libs/dict.o
/bin/sh ./libtool  --tag=CC   --mode=compile x86_64-pc-linux-gnu-gcc -m32 -DPACKAGE_NAME=\"glu\" -DPACKAGE_TARNAME=\"glu\" -DPACKAGE_VERSION=\"9.0.0\" -DPACKAGE_STRING=\"glu\ 9.0.0\" -DPACKAGE_BUGREPORT=\"https://bugs.freedesktop.org/enter_bug.cgi\?product=Mesa\&component=GLU\" -DPACKAGE_URL=\"\" -DPACKAGE=\"glu\" -DVERSION=\"9.0.0\" -DSTDC_HEADERS=1 -DHAVE_SYS_TYPES_H=1 -DHAVE_SYS_STAT_H=1 -DHAVE_STDLIB_H=1 -DHAVE_STRING_H=1 -DHAVE_MEMORY_H=1 -DHAVE_STRINGS_H=1 -DHAVE_INTTYPES_H=1 -DHAVE_STDINT_H=1 -DHAVE_UNISTD_H=1 -DHAVE_DLFCN_H=1 -DLT_OBJDIR=\".libs/\" -I. -I/portage/tmp/portage/media-libs/glu-9.0.0-r1/work/glu-9.0.0  -DLIBRARYBUILD -I/portage/tmp/portage/media-libs/glu-9.0.0-r1/work/glu-9.0.0/include -I/portage/tmp/portage/media-libs/glu-9.0.0-r1/work/glu-9.0.0/src/include -I/portage/tmp/portage/media-libs/glu-9.0.0-r1/work/glu-9.0.0/src/libnurbs/internals -I/portage/tmp/portage/media-libs/glu-9.0.0-r1/work/glu-9.0.0/src/libnurbs/interface -I/portage/tmp/portage/media-libs/glu-9.0.0-r1/work/glu-9.0.0/src/libnurbs/nurbtess  -I/usr/include/libdrm  -Wall -fvisibility=hidden -march=bdver2 -O3 -fgraphite-identity -floop-nest-optimize -fdevirtualize-at-ltrans -fipa-pta -fno-semantic-interposition -flto=8 -fuse-linker-plugin -fuse-ld=gold -pipe -Wl,-O1 -Wl,--as-needed -Wl,--hash-style=gnu -c -o src/libtess/memalloc.lo /portage/tmp/portage/media-libs/glu-9.0.0-r1/work/glu-9.0.0/src/libtess/memalloc.c
/bin/sh ./libtool  --tag=CC   --mode=compile x86_64-pc-linux-gnu-gcc -m32 -DPACKAGE_NAME=\"glu\" -DPACKAGE_TARNAME=\"glu\" -DPACKAGE_VERSION=\"9.0.0\" -DPACKAGE_STRING=\"glu\ 9.0.0\" -DPACKAGE_BUGREPORT=\"https://bugs.freedesktop.org/enter_bug.cgi\?product=Mesa\&component=GLU\" -DPACKAGE_URL=\"\" -DPACKAGE=\"glu\" -DVERSION=\"9.0.0\" -DSTDC_HEADERS=1 -DHAVE_SYS_TYPES_H=1 -DHAVE_SYS_STAT_H=1 -DHAVE_STDLIB_H=1 -DHAVE_STRING_H=1 -DHAVE_MEMORY_H=1 -DHAVE_STRINGS_H=1 -DHAVE_INTTYPES_H=1 -DHAVE_STDINT_H=1 -DHAVE_UNISTD_H=1 -DHAVE_DLFCN_H=1 -DLT_OBJDIR=\".libs/\" -I. -I/portage/tmp/portage/media-libs/glu-9.0.0-r1/work/glu-9.0.0  -DLIBRARYBUILD -I/portage/tmp/portage/media-libs/glu-9.0.0-r1/work/glu-9.0.0/include -I/portage/tmp/portage/media-libs/glu-9.0.0-r1/work/glu-9.0.0/src/include -I/portage/tmp/portage/media-libs/glu-9.0.0-r1/work/glu-9.0.0/src/libnurbs/internals -I/portage/tmp/portage/media-libs/glu-9.0.0-r1/work/glu-9.0.0/src/libnurbs/interface -I/portage/tmp/portage/media-libs/glu-9.0.0-r1/work/glu-9.0.0/src/libnurbs/nurbtess  -I/usr/include/libdrm  -Wall -fvisibility=hidden -march=bdver2 -O3 -fgraphite-identity -floop-nest-optimize -fdevirtualize-at-ltrans -fipa-pta -fno-semantic-interposition -flto=8 -fuse-linker-plugin -fuse-ld=gold -pipe -Wl,-O1 -Wl,--as-needed -Wl,--hash-style=gnu -c -o src/libtess/mesh.lo /portage/tmp/portage/media-libs/glu-9.0.0-r1/work/glu-9.0.0/src/libtess/mesh.c
/portage/tmp/portage/media-libs/glu-9.0.0-r1/work/glu-9.0.0/src/libutil/error.c:60:10: error: 'NULL' undeclared here (not in a function)
   60 |    { ~0, NULL } /* end of list indicator */
      |          ^~~~
/portage/tmp/portage/media-libs/glu-9.0.0-r1/work/glu-9.0.0/src/libutil/error.c:34:1: note: 'NULL' is defined in header '<stddef.h>'; did you forget to '#include <stddef.h>'?
   33 | #include <GL/glu.h>
  +++ |+#include <stddef.h>
   34 | 
make: *** [Makefile:1124: src/libutil/error.lo] Error 1
make: *** Waiting for unfinished jobs....
libtool: compile:  x86_64-pc-linux-gnu-gcc -m32 -DPACKAGE_NAME=\"glu\" -DPACKAGE_TARNAME=\"glu\" -DPACKAGE_VERSION=\"9.0.0\" "-DPACKAGE_STRING=\"glu 9.0.0\"" "-DPACKAGE_BUGREPORT=\"https://bugs.freedesktop.org/enter_bug.cgi?product=Mesa&component=GLU\"" -DPACKAGE_URL=\"\" -DPACKAGE=\"glu\" -DVERSION=\"9.0.0\" -DSTDC_HEADERS=1 -DHAVE_SYS_TYPES_H=1 -DHAVE_SYS_STAT_H=1 -DHAVE_STDLIB_H=1 -DHAVE_STRING_H=1 -DHAVE_MEMORY_H=1 -DHAVE_STRINGS_H=1 -DHAVE_INTTYPES_H=1 -DHAVE_STDINT_H=1 -DHAVE_UNISTD_H=1 -DHAVE_DLFCN_H=1 -DLT_OBJDIR=\".libs/\" -I. -I/portage/tmp/portage/media-libs/glu-9.0.0-r1/work/glu-9.0.0 -DLIBRARYBUILD -I/portage/tmp/portage/media-libs/glu-9.0.0-r1/work/glu-9.0.0/include -I/portage/tmp/portage/media-libs/glu-9.0.0-r1/work/glu-9.0.0/src/include -I/portage/tmp/portage/media-libs/glu-9.0.0-r1/work/glu-9.0.0/src/libnurbs/internals -I/portage/tmp/portage/media-libs/glu-9.0.0-r1/work/glu-9.0.0/src/libnurbs/interface -I/portage/tmp/portage/media-libs/glu-9.0.0-r1/work/glu-9.0.0/src/libnurbs/nurbtess -I/usr/include/libdrm -Wall -fvisibility=hidden -march=bdver2 -O3 -fgraphite-identity -floop-nest-optimize -fdevirtualize-at-ltrans -fipa-pta -fno-semantic-interposition -flto=8 -fuse-linker-plugin -fuse-ld=gold -pipe -Wl,-O1 -Wl,--as-needed -Wl,--hash-style=gnu -c /portage/tmp/portage/media-libs/glu-9.0.0-r1/work/glu-9.0.0/src/libtess/memalloc.c  -fPIC -DPIC -o src/libtess/.libs/memalloc.o
libtool: compile:  x86_64-pc-linux-gnu-gcc -m32 -DPACKAGE_NAME=\"glu\" -DPACKAGE_TARNAME=\"glu\" -DPACKAGE_VERSION=\"9.0.0\" "-DPACKAGE_STRING=\"glu 9.0.0\"" "-DPACKAGE_BUGREPORT=\"https://bugs.freedesktop.org/enter_bug.cgi?product=Mesa&component=GLU\"" -DPACKAGE_URL=\"\" -DPACKAGE=\"glu\" -DVERSION=\"9.0.0\" -DSTDC_HEADERS=1 -DHAVE_SYS_TYPES_H=1 -DHAVE_SYS_STAT_H=1 -DHAVE_STDLIB_H=1 -DHAVE_STRING_H=1 -DHAVE_MEMORY_H=1 -DHAVE_STRINGS_H=1 -DHAVE_INTTYPES_H=1 -DHAVE_STDINT_H=1 -DHAVE_UNISTD_H=1 -DHAVE_DLFCN_H=1 -DLT_OBJDIR=\".libs/\" -I. -I/portage/tmp/portage/media-libs/glu-9.0.0-r1/work/glu-9.0.0 -DLIBRARYBUILD -I/portage/tmp/portage/media-libs/glu-9.0.0-r1/work/glu-9.0.0/include -I/portage/tmp/portage/media-libs/glu-9.0.0-r1/work/glu-9.0.0/src/include -I/portage/tmp/portage/media-libs/glu-9.0.0-r1/work/glu-9.0.0/src/libnurbs/internals -I/portage/tmp/portage/media-libs/glu-9.0.0-r1/work/glu-9.0.0/src/libnurbs/interface -I/portage/tmp/portage/media-libs/glu-9.0.0-r1/work/glu-9.0.0/src/libnurbs/nurbtess -I/usr/include/libdrm -Wall -fvisibility=hidden -march=bdver2 -O3 -fgraphite-identity -floop-nest-optimize -fdevirtualize-at-ltrans -fipa-pta -fno-semantic-interposition -flto=8 -fuse-linker-plugin -fuse-ld=gold -pipe -Wl,-O1 -Wl,--as-needed -Wl,--hash-style=gnu -c /portage/tmp/portage/media-libs/glu-9.0.0-r1/work/glu-9.0.0/src/libtess/mesh.c  -fPIC -DPIC -o src/libtess/.libs/mesh.o
 * ERROR: media-libs/glu-9.0.0-r1::gentoo failed (compile phase):
 *   emake failed
 * 
 * If you need support, post the output of `emerge --info '=media-libs/glu-9.0.0-r1::gentoo'`,
 * the complete build log and the output of `emerge -pqv '=media-libs/glu-9.0.0-r1::gentoo'`.
 * The complete build log is located at '/portage/log/media-libs:glu-9.0.0-r1:20190708-124645.log'.
 * For convenience, a symlink to the build log is located at '/portage/tmp/portage/media-libs/glu-9.0.0-r1/temp/build.log'.
 * The ebuild environment file is located at '/portage/tmp/portage/media-libs/glu-9.0.0-r1/temp/environment'.
 * Working directory: '/portage/tmp/portage/media-libs/glu-9.0.0-r1/work/glu-9.0.0-abi_x86_32.x86'
 * S: '/portage/tmp/portage/media-libs/glu-9.0.0-r1/work/glu-9.0.0'
