  eclass exists: /usr/portage-git/eclass/autotools-multilib.eclass
inherit: autotools-multilib -> /usr/portage-git/eclass/autotools-multilib.eclass
*** Multiple Inheritence (Level: 2)
  eclass exists: /usr/portage-git/eclass/autotools-utils.eclass
inherit: autotools-utils -> /usr/portage-git/eclass/autotools-utils.eclass
*** Multiple Inheritence (Level: 3)
  eclass exists: /usr/portage-git/eclass/autotools.eclass
inherit: autotools -> /usr/portage-git/eclass/autotools.eclass
*** Multiple Inheritence (Level: 4)
  eclass exists: /usr/portage-git/eclass/libtool.eclass
inherit: libtool -> /usr/portage-git/eclass/libtool.eclass
*** Multiple Inheritence (Level: 5)
  eclass exists: /usr/portage-git/eclass/toolchain-funcs.eclass
inherit: toolchain-funcs -> /usr/portage-git/eclass/toolchain-funcs.eclass
*** Multiple Inheritence (Level: 6)
  eclass exists: /usr/portage-git/eclass/multilib.eclass
inherit: multilib -> /usr/portage-git/eclass/multilib.eclass
*** Multiple Inheritence (Level: 7)
  eclass exists: /usr/portage-git/eclass/toolchain-funcs.eclass
inherit: toolchain-funcs -> /usr/portage-git/eclass/toolchain-funcs.eclass
  eclass exists: /usr/portage-git/eclass/epatch.eclass
inherit: epatch -> /usr/portage-git/eclass/epatch.eclass
  eclass exists: /usr/portage-git/eclass/eutils.eclass
inherit: eutils -> /usr/portage-git/eclass/eutils.eclass
*** Multiple Inheritence (Level: 4)
  eclass exists: /usr/portage-git/eclass/desktop.eclass
inherit: desktop -> /usr/portage-git/eclass/desktop.eclass
  eclass exists: /usr/portage-git/eclass/epatch.eclass
inherit: epatch -> /usr/portage-git/eclass/epatch.eclass
  eclass exists: /usr/portage-git/eclass/estack.eclass
inherit: estack -> /usr/portage-git/eclass/estack.eclass
  eclass exists: /usr/portage-git/eclass/ltprune.eclass
inherit: ltprune -> /usr/portage-git/eclass/ltprune.eclass
*** Multiple Inheritence (Level: 5)
  eclass exists: /usr/portage-git/eclass/toolchain-funcs.eclass
inherit: toolchain-funcs -> /usr/portage-git/eclass/toolchain-funcs.eclass
  eclass exists: /usr/portage-git/eclass/multilib.eclass
inherit: multilib -> /usr/portage-git/eclass/multilib.eclass
  eclass exists: /usr/portage-git/eclass/preserve-libs.eclass
inherit: preserve-libs -> /usr/portage-git/eclass/preserve-libs.eclass
  eclass exists: /usr/portage-git/eclass/toolchain-funcs.eclass
inherit: toolchain-funcs -> /usr/portage-git/eclass/toolchain-funcs.eclass
  eclass exists: /usr/portage-git/eclass/vcs-clean.eclass
inherit: vcs-clean -> /usr/portage-git/eclass/vcs-clean.eclass
  eclass exists: /usr/portage-git/eclass/libtool.eclass
inherit: libtool -> /usr/portage-git/eclass/libtool.eclass
  eclass exists: /usr/portage-git/eclass/ltprune.eclass
inherit: ltprune -> /usr/portage-git/eclass/ltprune.eclass
EXPORT_FUNCTIONS: src_prepare -> autotools-utils_src_prepare
EXPORT_FUNCTIONS: src_configure -> autotools-utils_src_configure
EXPORT_FUNCTIONS: src_compile -> autotools-utils_src_compile
EXPORT_FUNCTIONS: src_install -> autotools-utils_src_install
EXPORT_FUNCTIONS: src_test -> autotools-utils_src_test
  eclass exists: /usr/portage-git/eclass/eutils.eclass
inherit: eutils -> /usr/portage-git/eclass/eutils.eclass
  eclass exists: /usr/portage-git/eclass/multilib-build.eclass
inherit: multilib-build -> /usr/portage-git/eclass/multilib-build.eclass
*** Multiple Inheritence (Level: 3)
  eclass exists: /usr/portage-git/eclass/eutils.eclass
inherit: eutils -> /usr/portage-git/eclass/eutils.eclass
*** Multiple Inheritence (Level: 3)
  eclass exists: /usr/portage-git/eclass/multibuild.eclass
inherit: multibuild -> /usr/portage-git/eclass/multibuild.eclass
  eclass exists: /usr/portage-git/eclass/multilib.eclass
inherit: multilib -> /usr/portage-git/eclass/multilib.eclass
  eclass exists: /usr/portage-git/eclass/multilib-minimal.eclass
inherit: multilib-minimal -> /usr/portage-git/eclass/multilib-minimal.eclass
*** Multiple Inheritence (Level: 3)
  eclass exists: /usr/portage-git/eclass/eutils.eclass
inherit: eutils -> /usr/portage-git/eclass/eutils.eclass
*** Multiple Inheritence (Level: 3)
  eclass exists: /usr/portage-git/eclass/multilib-build.eclass
inherit: multilib-build -> /usr/portage-git/eclass/multilib-build.eclass
EXPORT_FUNCTIONS: src_configure -> multilib-minimal_src_configure
EXPORT_FUNCTIONS: src_compile -> multilib-minimal_src_compile
EXPORT_FUNCTIONS: src_test -> multilib-minimal_src_test
EXPORT_FUNCTIONS: src_install -> multilib-minimal_src_install
EXPORT_FUNCTIONS: src_prepare -> autotools-multilib_src_prepare
EXPORT_FUNCTIONS: src_configure -> autotools-multilib_src_configure
EXPORT_FUNCTIONS: src_compile -> autotools-multilib_src_compile
EXPORT_FUNCTIONS: src_test -> autotools-multilib_src_test
EXPORT_FUNCTIONS: src_install -> autotools-multilib_src_install
  eclass exists: /usr/portage-git/eclass/multilib.eclass
inherit: multilib -> /usr/portage-git/eclass/multilib.eclass
autotools-utils_src_prepare: entering function, parameters: 
multilib-minimal_src_configure: entering function, parameters: 
multilib_foreach_abi: entering function, parameters: multilib-minimal_abi_src_configure
multilib_get_enabled_abi_pairs: entering function, parameters: 
multibuild_foreach_variant: entering function, parameters: _multilib_multibuild_wrapper multilib-minimal_abi_src_configure
multibuild_foreach_variant: initial build_dir = /portage/tmp/portage/media-libs/glu-9.0.0-r1/work/glu-9.0.0
_multilib_multibuild_wrapper: entering function, parameters: multilib-minimal_abi_src_configure
multilib-minimal_abi_src_configure: entering function, parameters: 
autotools-utils_src_configure: entering function, parameters: 
in_iuse: entering function, parameters: static-libs
_multilib_multibuild_wrapper: entering function, parameters: multilib-minimal_abi_src_configure
multilib-minimal_abi_src_configure: entering function, parameters: 
autotools-utils_src_configure: entering function, parameters: 
in_iuse: entering function, parameters: static-libs
multilib-minimal_src_compile: entering function, parameters: 
multilib_foreach_abi: entering function, parameters: multilib-minimal_abi_src_compile
multilib_get_enabled_abi_pairs: entering function, parameters: 
multibuild_foreach_variant: entering function, parameters: _multilib_multibuild_wrapper multilib-minimal_abi_src_compile
multibuild_foreach_variant: initial build_dir = /portage/tmp/portage/media-libs/glu-9.0.0-r1/work/glu-9.0.0
_multilib_multibuild_wrapper: entering function, parameters: multilib-minimal_abi_src_compile
multilib-minimal_abi_src_compile: entering function, parameters: 
