temp patch: /portage/tmp/portage/media-libs/glu-9.0.0-r1/temp/libtool-elt.patch

Trying install-sh/1.5.6 patch
checking file /portage/tmp/portage/media-libs/glu-9.0.0-r1/work/glu-9.0.0/install-sh
Hunk #1 FAILED at 240.
1 out of 1 hunk FAILED

Trying install-sh/1.5.4 patch
checking file /portage/tmp/portage/media-libs/glu-9.0.0-r1/work/glu-9.0.0/install-sh
Hunk #1 FAILED at 246.
1 out of 1 hunk FAILED

Trying install-sh/1.5 patch
checking file /portage/tmp/portage/media-libs/glu-9.0.0-r1/work/glu-9.0.0/install-sh
Hunk #1 FAILED at 192.
1 out of 1 hunk FAILED

Trying ltmain/1.5 patch
checking file /portage/tmp/portage/media-libs/glu-9.0.0-r1/work/glu-9.0.0/ltmain.sh
Hunk #1 FAILED at 1854.
1 out of 1 hunk FAILED

Trying portage/2.2 patch
checking file /portage/tmp/portage/media-libs/glu-9.0.0-r1/work/glu-9.0.0/ltmain.sh
Hunk #1 FAILED at 7410.
Hunk #2 succeeded at 9358 with fuzz 2 (offset 1882 lines).
1 out of 2 hunks FAILED

Trying portage/1.5.10 patch
checking file /portage/tmp/portage/media-libs/glu-9.0.0-r1/work/glu-9.0.0/ltmain.sh
Hunk #1 FAILED at 3940.
Hunk #2 FAILED at 3975.
2 out of 2 hunks FAILED

Trying portage/1.4.0 patch
checking file /portage/tmp/portage/media-libs/glu-9.0.0-r1/work/glu-9.0.0/ltmain.sh
Hunk #1 FAILED at 3940.
Hunk #2 FAILED at 3975.
2 out of 2 hunks FAILED

Trying portage/1.3.3 patch
checking file /portage/tmp/portage/media-libs/glu-9.0.0-r1/work/glu-9.0.0/ltmain.sh
Hunk #1 FAILED at 3078.
1 out of 1 hunk FAILED

Trying portage/1.3.0c patch
checking file /portage/tmp/portage/media-libs/glu-9.0.0-r1/work/glu-9.0.0/ltmain.sh
Hunk #1 FAILED at 3769.
Hunk #2 FAILED at 3799.
2 out of 2 hunks FAILED

Trying portage/1.2.0 patch
checking file /portage/tmp/portage/media-libs/glu-9.0.0-r1/work/glu-9.0.0/ltmain.sh
Hunk #1 succeeded at 81 (offset 49 lines).
patching file /portage/tmp/portage/media-libs/glu-9.0.0-r1/work/glu-9.0.0/ltmain.sh
Hunk #1 succeeded at 81 (offset 49 lines).

Trying relink/1.4.3 patch
checking file /portage/tmp/portage/media-libs/glu-9.0.0-r1/work/glu-9.0.0/ltmain.sh
Hunk #1 FAILED at 745.
Hunk #2 succeeded at 5390 (offset 4515 lines).
Hunk #3 succeeded at 5527 (offset 4546 lines).
Hunk #4 succeeded at 6897 with fuzz 1 (offset 5036 lines).
Hunk #5 FAILED at 1880.
Hunk #6 FAILED at 3842.
Hunk #7 FAILED at 4143.
4 out of 7 hunks FAILED

Trying relink/1.4.2 patch
checking file /portage/tmp/portage/media-libs/glu-9.0.0-r1/work/glu-9.0.0/ltmain.sh
Hunk #1 FAILED at 754.
Hunk #2 succeeded at 5390 (offset 4506 lines).
Hunk #3 succeeded at 5527 (offset 4537 lines).
Hunk #4 succeeded at 6792 with fuzz 2 (offset 4916 lines).
Hunk #5 succeeded at 6927 (offset 5030 lines).
Hunk #6 FAILED at 3879.
Hunk #7 FAILED at 4180.
3 out of 7 hunks FAILED

Trying relink/1.4.1 patch
checking file /portage/tmp/portage/media-libs/glu-9.0.0-r1/work/glu-9.0.0/ltmain.sh
Hunk #1 FAILED at 827.
Hunk #2 succeeded at 5390 (offset 4431 lines).
Hunk #3 succeeded at 5527 (offset 4355 lines).
Hunk #4 succeeded at 6897 with fuzz 1 (offset 4656 lines).
Hunk #5 FAILED at 2260.
Hunk #6 FAILED at 4340.
Hunk #7 FAILED at 4641.
Hunk #8 FAILED at 4801.
5 out of 8 hunks FAILED

Trying relink/1.4.0a-GCC3.0-2 patch
checking file /portage/tmp/portage/media-libs/glu-9.0.0-r1/work/glu-9.0.0/ltmain.sh
Hunk #1 FAILED at 754.
Hunk #2 succeeded at 5390 (offset 4506 lines).
Hunk #3 succeeded at 5527 (offset 4537 lines).
Hunk #4 succeeded at 6792 with fuzz 2 (offset 4916 lines).
Hunk #5 FAILED at 1897.
Hunk #6 FAILED at 3867.
Hunk #7 FAILED at 4168.
4 out of 7 hunks FAILED

Trying relink/1.4.0a-GCC3.0-1 patch
checking file /portage/tmp/portage/media-libs/glu-9.0.0-r1/work/glu-9.0.0/ltmain.sh
Hunk #1 FAILED at 754.
Hunk #2 succeeded at 5390 (offset 4506 lines).
Hunk #3 succeeded at 5527 (offset 4537 lines).
Hunk #4 succeeded at 6792 with fuzz 2 (offset 4916 lines).
Hunk #5 succeeded at 6927 (offset 5030 lines).
Hunk #6 FAILED at 3879.
Hunk #7 FAILED at 4180.
3 out of 7 hunks FAILED

Trying relink/1.4.0a patch
checking file /portage/tmp/portage/media-libs/glu-9.0.0-r1/work/glu-9.0.0/ltmain.sh
Hunk #1 FAILED at 754.
Hunk #2 succeeded at 5390 (offset 4506 lines).
Hunk #3 succeeded at 5527 (offset 4537 lines).
Hunk #4 succeeded at 6792 with fuzz 2 (offset 4916 lines).
Hunk #5 succeeded at 6927 (offset 5030 lines).
Hunk #6 FAILED at 3879.
Hunk #7 FAILED at 4180.
3 out of 7 hunks FAILED

Trying max_cmd_len/1.5.20 patch
checking file /portage/tmp/portage/media-libs/glu-9.0.0-r1/work/glu-9.0.0/ltmain.sh
Hunk #1 FAILED at 136.
1 out of 1 hunk FAILED

Trying max_cmd_len/1.5.14 patch
checking file /portage/tmp/portage/media-libs/glu-9.0.0-r1/work/glu-9.0.0/ltmain.sh
Hunk #1 FAILED at 136.
1 out of 1 hunk FAILED

Trying max_cmd_len/1.5.0 patch
checking file /portage/tmp/portage/media-libs/glu-9.0.0-r1/work/glu-9.0.0/ltmain.sh
Hunk #1 FAILED at 117.
1 out of 1 hunk FAILED

Trying sed/1.5.6 patch
checking file /portage/tmp/portage/media-libs/glu-9.0.0-r1/work/glu-9.0.0/ltmain.sh
Hunk #1 succeeded at 2510 with fuzz 2 (offset 2471 lines).
patching file /portage/tmp/portage/media-libs/glu-9.0.0-r1/work/glu-9.0.0/ltmain.sh
Hunk #1 succeeded at 2510 with fuzz 2 (offset 2471 lines).

Trying test/1.4.2 patch
checking file /portage/tmp/portage/media-libs/glu-9.0.0-r1/work/glu-9.0.0/ltmain.sh
Reversed (or previously applied) patch detected!  Assume -R? [n] 
Apply anyway? [n] 
Skipping patch.
58 out of 58 hunks ignored

Trying test/1.4.0 patch
checking file /portage/tmp/portage/media-libs/glu-9.0.0-r1/work/glu-9.0.0/ltmain.sh
Reversed (or previously applied) patch detected!  Assume -R? [n] 
Apply anyway? [n] 
Skipping patch.
28 out of 28 hunks ignored

Trying tmp/1.3.5 patch
checking file /portage/tmp/portage/media-libs/glu-9.0.0-r1/work/glu-9.0.0/ltmain.sh
Hunk #1 FAILED at 3462.
1 out of 1 hunk FAILED

Trying as-needed/2.4.3 patch
checking file /portage/tmp/portage/media-libs/glu-9.0.0-r1/work/glu-9.0.0/ltmain.sh
Hunk #1 succeeded at 5792 with fuzz 1 (offset -1433 lines).
Hunk #2 FAILED at 7614.
1 out of 2 hunks FAILED

Trying as-needed/2.4.2 patch
checking file /portage/tmp/portage/media-libs/glu-9.0.0-r1/work/glu-9.0.0/ltmain.sh
Hunk #1 succeeded at 5792 (offset -6 lines).
Hunk #2 FAILED at 6163.
1 out of 2 hunks FAILED

Trying as-needed/2.2.6 patch
checking file /portage/tmp/portage/media-libs/glu-9.0.0-r1/work/glu-9.0.0/ltmain.sh
Hunk #1 succeeded at 5792 (offset 1071 lines).
Hunk #2 succeeded at 6157 (offset 1077 lines).
patching file /portage/tmp/portage/media-libs/glu-9.0.0-r1/work/glu-9.0.0/ltmain.sh
Hunk #1 succeeded at 5792 (offset 1071 lines).
Hunk #2 succeeded at 6157 (offset 1077 lines).

Trying target-nm/2.4.2 patch
checking file /portage/tmp/portage/media-libs/glu-9.0.0-r1/work/glu-9.0.0/ltmain.sh
Hunk #1 FAILED at 3397.
1 out of 1 hunk FAILED

Trying ppc64le/2.4.4 patch
checking file /portage/tmp/portage/media-libs/glu-9.0.0-r1/work/glu-9.0.0/ltmain.sh
Hunk #1 FAILED at 1386.
1 out of 1 hunk FAILED

Trying ppc64le/2.4.2 patch
checking file /portage/tmp/portage/media-libs/glu-9.0.0-r1/work/glu-9.0.0/ltmain.sh
Hunk #1 FAILED at 1329.
Hunk #2 FAILED at 1345.
2 out of 2 hunks FAILED

Trying uclibc-conf/1.3.0c patch
checking file /portage/tmp/portage/media-libs/glu-9.0.0-r1/work/glu-9.0.0/ltmain.sh
Hunk #1 FAILED at 1978.
Hunk #2 FAILED at 3030.
Hunk #3 FAILED at 4504.
3 out of 3 hunks FAILED

Trying uclibc-conf/1.2.0 patch
checking file /portage/tmp/portage/media-libs/glu-9.0.0-r1/work/glu-9.0.0/ltmain.sh
Hunk #1 FAILED at 1978.
Hunk #2 FAILED at 3030.
Hunk #3 FAILED at 4504.
3 out of 3 hunks FAILED

Trying gold-conf/2.2.6 patch
checking file /portage/tmp/portage/media-libs/glu-9.0.0-r1/work/glu-9.0.0/ltmain.sh
Hunk #1 FAILED at 9933.
1 out of 1 hunk FAILED

Trying target-nm/2.4.2 patch
checking file /portage/tmp/portage/media-libs/glu-9.0.0-r1/work/glu-9.0.0/configure
Hunk #1 succeeded at 4508 (offset 1111 lines).
patching file /portage/tmp/portage/media-libs/glu-9.0.0-r1/work/glu-9.0.0/configure
Hunk #1 succeeded at 4508 (offset 1111 lines).

Trying ppc64le/2.4.4 patch
checking file /portage/tmp/portage/media-libs/glu-9.0.0-r1/work/glu-9.0.0/configure
Hunk #1 FAILED at 1386.
1 out of 1 hunk FAILED

Trying ppc64le/2.4.2 patch
checking file /portage/tmp/portage/media-libs/glu-9.0.0-r1/work/glu-9.0.0/configure
Hunk #1 succeeded at 6331 (offset 5002 lines).
Hunk #2 succeeded at 6350 (offset 5002 lines).
patching file /portage/tmp/portage/media-libs/glu-9.0.0-r1/work/glu-9.0.0/configure
Hunk #1 succeeded at 6331 (offset 5002 lines).
Hunk #2 succeeded at 6350 (offset 5002 lines).

Trying gold-conf/2.2.6 patch
checking file /portage/tmp/portage/media-libs/glu-9.0.0-r1/work/glu-9.0.0/configure
Reversed (or previously applied) patch detected!  Assume -R? [n] 
Apply anyway? [n] 
Skipping patch.
1 out of 1 hunk ignored
