  eclass exists: /var/db/repos/gentoo/eclass/qmake-utils.eclass
inherit: qmake-utils -> /var/db/repos/gentoo/eclass/qmake-utils.eclass
*** Multiple Inheritence (Level: 2)
  eclass exists: /var/db/repos/gentoo/eclass/toolchain-funcs.eclass
inherit: toolchain-funcs -> /var/db/repos/gentoo/eclass/toolchain-funcs.eclass
*** Multiple Inheritence (Level: 3)
  eclass exists: /var/db/repos/gentoo/eclass/multilib.eclass
inherit: multilib -> /var/db/repos/gentoo/eclass/multilib.eclass
*** Multiple Inheritence (Level: 4)
  eclass exists: /var/db/repos/gentoo/eclass/toolchain-funcs.eclass
inherit: toolchain-funcs -> /var/db/repos/gentoo/eclass/toolchain-funcs.eclass
  eclass exists: /var/db/repos/gentoo/eclass/qmake-utils.eclass
inherit: qmake-utils -> /var/db/repos/gentoo/eclass/qmake-utils.eclass
*** Multiple Inheritence (Level: 2)
  eclass exists: /var/db/repos/gentoo/eclass/toolchain-funcs.eclass
inherit: toolchain-funcs -> /var/db/repos/gentoo/eclass/toolchain-funcs.eclass
*** Multiple Inheritence (Level: 3)
  eclass exists: /var/db/repos/gentoo/eclass/multilib.eclass
inherit: multilib -> /var/db/repos/gentoo/eclass/multilib.eclass
*** Multiple Inheritence (Level: 4)
  eclass exists: /var/db/repos/gentoo/eclass/toolchain-funcs.eclass
inherit: toolchain-funcs -> /var/db/repos/gentoo/eclass/toolchain-funcs.eclass
