This file contains any messages produced by compilers while
running configure, to aid debugging if configure makes a mistake.

It was created by glu configure 9.0.0, which was
generated by GNU Autoconf 2.68.  Invocation command line was

  $ /portage/tmp/portage/media-libs/glu-9.0.0-r1/work/glu-9.0.0/configure --prefix=/usr --build=i686-pc-linux-gnu --host=i686-pc-linux-gnu --mandir=/usr/share/man --infodir=/usr/share/info --datadir=/usr/share --sysconfdir=/etc --localstatedir=/var/lib --disable-dependency-tracking --disable-silent-rules --libdir=/usr/lib --docdir=/usr/share/doc/glu-9.0.0-r1 --enable-shared --disable-static

## --------- ##
## Platform. ##
## --------- ##

hostname = GA990-FXA-UD3-FX8320
uname -m = x86_64
uname -r = 5.1.15-gentoo
uname -s = Linux
uname -v = #1 ZEN SMP PREEMPT Wed Jul 3 07:40:31 EEST 2019

/usr/bin/uname -p = AMD FX(tm)-8320 Eight-Core Processor
/bin/uname -X     = unknown

/bin/arch              = unknown
/usr/bin/arch -k       = unknown
/usr/convex/getsysinfo = unknown
/usr/bin/hostinfo      = unknown
/bin/machine           = unknown
/usr/bin/oslevel       = unknown
/bin/universe          = unknown

PATH: /usr/lib/portage/python3.6/ebuild-helpers/xattr
PATH: /usr/lib/portage/python3.6/ebuild-helpers
PATH: /usr/lib/llvm/8/bin
PATH: /usr/local/sbin
PATH: /usr/local/bin
PATH: /usr/sbin
PATH: /usr/bin
PATH: /sbin
PATH: /bin
PATH: /opt/bin


## ----------- ##
## Core tests. ##
## ----------- ##

configure:2432: checking build system type
configure:2446: result: i686-pc-linux-gnu
configure:2466: checking host system type
configure:2479: result: i686-pc-linux-gnu
configure:2516: checking for a BSD-compatible install
configure:2584: result: /usr/lib/portage/python3.6/ebuild-helpers/xattr/install -c
configure:2595: checking whether build environment is sane
configure:2650: result: yes
configure:2799: checking for a thread-safe mkdir -p
configure:2838: result: /bin/mkdir -p
configure:2845: checking for gawk
configure:2861: found /usr/bin/gawk
configure:2872: result: gawk
configure:2883: checking whether make sets $(MAKE)
configure:2905: result: yes
configure:3039: checking how to print strings
configure:3066: result: printf
configure:3099: checking for style of include used by make
configure:3127: result: GNU
configure:3158: checking for i686-pc-linux-gnu-gcc
configure:3185: result: x86_64-pc-linux-gnu-gcc -m32
configure:3454: checking for C compiler version
configure:3463: x86_64-pc-linux-gnu-gcc -m32 --version >&5
x86_64-pc-linux-gnu-gcc (Gentoo 9.1.0-r1 p1.1) 9.1.0
Copyright (C) 2019 Free Software Foundation, Inc.
This is free software; see the source for copying conditions.  There is NO
warranty; not even for MERCHANTABILITY or FITNESS FOR A PARTICULAR PURPOSE.

configure:3474: $? = 0
configure:3463: x86_64-pc-linux-gnu-gcc -m32 -v >&5
Using built-in specs.
COLLECT_GCC=x86_64-pc-linux-gnu-gcc
COLLECT_LTO_WRAPPER=/usr/libexec/gcc/x86_64-pc-linux-gnu/9.1.0/lto-wrapper
Target: x86_64-pc-linux-gnu
Configured with: /portage/tmp/portage/sys-devel/gcc-9.1.0-r1/work/gcc-9.1.0/configure --host=x86_64-pc-linux-gnu --build=x86_64-pc-linux-gnu --prefix=/usr --bindir=/usr/x86_64-pc-linux-gnu/gcc-bin/9.1.0 --includedir=/usr/lib/gcc/x86_64-pc-linux-gnu/9.1.0/include --datadir=/usr/share/gcc-data/x86_64-pc-linux-gnu/9.1.0 --mandir=/usr/share/gcc-data/x86_64-pc-linux-gnu/9.1.0/man --infodir=/usr/share/gcc-data/x86_64-pc-linux-gnu/9.1.0/info --with-gxx-include-dir=/usr/lib/gcc/x86_64-pc-linux-gnu/9.1.0/include/g++-v9 --with-python-dir=/share/gcc-data/x86_64-pc-linux-gnu/9.1.0/python --enable-languages=c,c++,fortran --enable-obsolete --enable-secureplt --disable-werror --with-system-zlib --enable-nls --without-included-gettext --enable-checking=release --with-bugurl=https://bugs.gentoo.org/ --with-pkgversion='Gentoo 9.1.0-r1 p1.1' --disable-esp --enable-libstdcxx-time --with-build-config=bootstrap-lto --enable-shared --enable-threads=posix --enable-__cxa_atexit --enable-clocale=gnu --enable-multilib --with-multilib-list=m32,m64 --disable-altivec --disable-fixed-point --enable-targets=all --enable-libgomp --disable-libmudflap --disable-libssp --disable-systemtap --enable-vtable-verify --enable-lto --with-isl --disable-isl-version-check --enable-default-pie --enable-default-ssp
Thread model: posix
gcc version 9.1.0 (Gentoo 9.1.0-r1 p1.1) 
configure:3474: $? = 0
configure:3463: x86_64-pc-linux-gnu-gcc -m32 -V >&5
x86_64-pc-linux-gnu-gcc: error: unrecognized command line option '-V'
x86_64-pc-linux-gnu-gcc: fatal error: no input files
compilation terminated.
configure:3474: $? = 1
configure:3463: x86_64-pc-linux-gnu-gcc -m32 -qversion >&5
x86_64-pc-linux-gnu-gcc: error: unrecognized command line option '-qversion'; did you mean '--version'?
x86_64-pc-linux-gnu-gcc: fatal error: no input files
compilation terminated.
configure:3474: $? = 1
configure:3494: checking whether the C compiler works
configure:3516: x86_64-pc-linux-gnu-gcc -m32 -march=bdver2 -O3 -fgraphite-identity -floop-nest-optimize -fdevirtualize-at-ltrans -fipa-pta -fno-semantic-interposition -flto=8 -fuse-linker-plugin -fuse-ld=gold -pipe -Wl,-O1 -Wl,--as-needed -Wl,--hash-style=gnu  -Wl,-O1 -Wl,--as-needed -Wl,--hash-style=gnu -march=bdver2 -O3 -fgraphite-identity -floop-nest-optimize -fdevirtualize-at-ltrans -fipa-pta -fno-semantic-interposition -flto=8 -fuse-linker-plugin -fuse-ld=gold -pipe conftest.c  >&5
configure:3520: $? = 0
configure:3568: result: yes
configure:3571: checking for C compiler default output file name
configure:3573: result: a.out
configure:3579: checking for suffix of executables
configure:3586: x86_64-pc-linux-gnu-gcc -m32 -o conftest -march=bdver2 -O3 -fgraphite-identity -floop-nest-optimize -fdevirtualize-at-ltrans -fipa-pta -fno-semantic-interposition -flto=8 -fuse-linker-plugin -fuse-ld=gold -pipe -Wl,-O1 -Wl,--as-needed -Wl,--hash-style=gnu  -Wl,-O1 -Wl,--as-needed -Wl,--hash-style=gnu -march=bdver2 -O3 -fgraphite-identity -floop-nest-optimize -fdevirtualize-at-ltrans -fipa-pta -fno-semantic-interposition -flto=8 -fuse-linker-plugin -fuse-ld=gold -pipe conftest.c  >&5
configure:3590: $? = 0
configure:3612: result: 
configure:3634: checking whether we are cross compiling
configure:3642: x86_64-pc-linux-gnu-gcc -m32 -o conftest -march=bdver2 -O3 -fgraphite-identity -floop-nest-optimize -fdevirtualize-at-ltrans -fipa-pta -fno-semantic-interposition -flto=8 -fuse-linker-plugin -fuse-ld=gold -pipe -Wl,-O1 -Wl,--as-needed -Wl,--hash-style=gnu  -Wl,-O1 -Wl,--as-needed -Wl,--hash-style=gnu -march=bdver2 -O3 -fgraphite-identity -floop-nest-optimize -fdevirtualize-at-ltrans -fipa-pta -fno-semantic-interposition -flto=8 -fuse-linker-plugin -fuse-ld=gold -pipe conftest.c  >&5
configure:3646: $? = 0
configure:3653: ./conftest
configure:3657: $? = 0
configure:3645: result: no
configure:3650: checking for suffix of object files
configure:3672: x86_64-pc-linux-gnu-gcc -m32 -c -march=bdver2 -O3 -fgraphite-identity -floop-nest-optimize -fdevirtualize-at-ltrans -fipa-pta -fno-semantic-interposition -flto=8 -fuse-linker-plugin -fuse-ld=gold -pipe -Wl,-O1 -Wl,--as-needed -Wl,--hash-style=gnu  conftest.c >&5
configure:3676: $? = 0
configure:3697: result: o
configure:3701: checking whether we are using the GNU C compiler
configure:3720: x86_64-pc-linux-gnu-gcc -m32 -c -march=bdver2 -O3 -fgraphite-identity -floop-nest-optimize -fdevirtualize-at-ltrans -fipa-pta -fno-semantic-interposition -flto=8 -fuse-linker-plugin -fuse-ld=gold -pipe -Wl,-O1 -Wl,--as-needed -Wl,--hash-style=gnu  conftest.c >&5
configure:3720: $? = 0
configure:3729: result: yes
configure:3738: checking whether x86_64-pc-linux-gnu-gcc -m32 accepts -g
configure:3758: x86_64-pc-linux-gnu-gcc -m32 -c -g  conftest.c >&5
configure:3758: $? = 0
configure:3799: result: yes
configure:3816: checking for x86_64-pc-linux-gnu-gcc -m32 option to accept ISO C89
configure:3880: x86_64-pc-linux-gnu-gcc -m32  -c -march=bdver2 -O3 -fgraphite-identity -floop-nest-optimize -fdevirtualize-at-ltrans -fipa-pta -fno-semantic-interposition -flto=8 -fuse-linker-plugin -fuse-ld=gold -pipe -Wl,-O1 -Wl,--as-needed -Wl,--hash-style=gnu  conftest.c >&5
configure:3880: $? = 0
configure:3893: result: none needed
configure:3915: checking dependency style of x86_64-pc-linux-gnu-gcc -m32
configure:4026: result: none
configure:4041: checking for a sed that does not truncate output
configure:4105: result: /bin/sed
configure:4123: checking for grep that handles long lines and -e
configure:4181: result: /bin/grep
configure:4186: checking for egrep
configure:4248: result: /bin/grep -E
configure:4253: checking for fgrep
configure:4315: result: /bin/grep -F
configure:4350: checking for ld used by x86_64-pc-linux-gnu-gcc -m32
configure:4417: result: x86_64-pc-linux-gnu-ld -m elf_i386
configure:4424: checking if the linker (x86_64-pc-linux-gnu-ld -m elf_i386) is GNU ld
configure:4439: result: yes
configure:4451: checking for BSD- or MS-compatible name lister (nm)
configure:4500: result: /usr/bin/nm -B
configure:4630: checking the name lister (/usr/bin/nm -B) interface
configure:4637: x86_64-pc-linux-gnu-gcc -m32 -c -march=bdver2 -O3 -fgraphite-identity -floop-nest-optimize -fdevirtualize-at-ltrans -fipa-pta -fno-semantic-interposition -flto=8 -fuse-linker-plugin -fuse-ld=gold -pipe -Wl,-O1 -Wl,--as-needed -Wl,--hash-style=gnu  conftest.c >&5
configure:4640: /usr/bin/nm -B "conftest.o"
configure:4643: output
00000000 T some_variable
configure:4644: result: BSD nm
configure:4647: checking whether ln -s works
configure:4651: result: yes
configure:4659: checking the maximum length of command line arguments
configure:4784: result: 1572864
configure:4801: checking whether the shell understands some XSI constructs
configure:4810: result: yes
configure:4814: checking whether the shell understands "+="
configure:4818: result: yes
configure:4853: checking how to convert i686-pc-linux-gnu file names to i686-pc-linux-gnu format
configure:4893: result: func_convert_file_noop
configure:4900: checking how to convert i686-pc-linux-gnu file names to toolchain format
configure:4920: result: func_convert_file_noop
configure:4927: checking for x86_64-pc-linux-gnu-ld -m elf_i386 option to reload object files
configure:4934: result: -r
configure:4968: checking for i686-pc-linux-gnu-objdump
configure:4998: result: no
configure:5008: checking for objdump
configure:5024: found /usr/bin/objdump
configure:5035: result: objdump
configure:5067: checking how to recognize dependent libraries
configure:5269: result: pass_all
configure:5314: checking for i686-pc-linux-gnu-dlltool
configure:5344: result: no
configure:5354: checking for dlltool
configure:5384: result: no
configure:5414: checking how to associate runtime and link libraries
configure:5441: result: printf %s\n
configure:5458: checking for i686-pc-linux-gnu-ar
configure:5488: result: no
configure:5502: checking for ar
configure:5518: found /usr/bin/ar
configure:5529: result: ar
configure:5566: checking for archiver @FILE support
configure:5583: x86_64-pc-linux-gnu-gcc -m32 -c -march=bdver2 -O3 -fgraphite-identity -floop-nest-optimize -fdevirtualize-at-ltrans -fipa-pta -fno-semantic-interposition -flto=8 -fuse-linker-plugin -fuse-ld=gold -pipe -Wl,-O1 -Wl,--as-needed -Wl,--hash-style=gnu  conftest.c >&5
configure:5583: $? = 0
configure:5586: ar cru libconftest.a @conftest.lst >&5
configure:5589: $? = 0
configure:5594: ar cru libconftest.a @conftest.lst >&5
ar: conftest.o: No such file or directory
configure:5597: $? = 1
configure:5596: result: @
configure:5614: checking for i686-pc-linux-gnu-strip
configure:5644: result: no
configure:5654: checking for strip
configure:5670: found /usr/bin/strip
configure:5681: result: strip
configure:5713: checking for i686-pc-linux-gnu-ranlib
configure:5743: result: no
configure:5753: checking for ranlib
configure:5769: found /usr/bin/ranlib
configure:5780: result: ranlib
configure:5882: checking command to parse /usr/bin/nm -B output from x86_64-pc-linux-gnu-gcc -m32 object
configure:6001: x86_64-pc-linux-gnu-gcc -m32 -c -march=bdver2 -O3 -fgraphite-identity -floop-nest-optimize -fdevirtualize-at-ltrans -fipa-pta -fno-semantic-interposition -flto=8 -fuse-linker-plugin -fuse-ld=gold -pipe -Wl,-O1 -Wl,--as-needed -Wl,--hash-style=gnu  conftest.c >&5
configure:6004: $? = 0
configure:6008: /usr/bin/nm -B conftest.o \| sed -n -e 's/^.*[ ]\([ABCDGIRSTW][ABCDGIRSTW]*\)[ ][ ]*\([_A-Za-z][_A-Za-z0-9]*\)$/\1 \2 \2/p' | sed '/ __gnu_lto/d' \> conftest.nm
configure:6011: $? = 0
configure:6077: x86_64-pc-linux-gnu-gcc -m32 -o conftest -march=bdver2 -O3 -fgraphite-identity -floop-nest-optimize -fdevirtualize-at-ltrans -fipa-pta -fno-semantic-interposition -flto=8 -fuse-linker-plugin -fuse-ld=gold -pipe -Wl,-O1 -Wl,--as-needed -Wl,--hash-style=gnu  -Wl,-O1 -Wl,--as-needed -Wl,--hash-style=gnu -march=bdver2 -O3 -fgraphite-identity -floop-nest-optimize -fdevirtualize-at-ltrans -fipa-pta -fno-semantic-interposition -flto=8 -fuse-linker-plugin -fuse-ld=gold -pipe conftest.c conftstm.o >&5
configure:6080: $? = 0
configure:6118: result: ok
configure:6155: checking for sysroot
configure:6185: result: no
configure:6394: checking for i686-pc-linux-gnu-mt
configure:6424: result: no
configure:6434: checking for mt
configure:6464: result: no
configure:6484: checking if : is a manifest tool
configure:6490: : '-?'
configure:6498: result: no
configure:7130: checking how to run the C preprocessor
configure:7161: x86_64-pc-linux-gnu-gcc -m32 -E  conftest.c
configure:7161: $? = 0
configure:7175: x86_64-pc-linux-gnu-gcc -m32 -E  conftest.c
conftest.c:11:10: fatal error: ac_nonexistent.h: No such file or directory
   11 | #include <ac_nonexistent.h>
      |          ^~~~~~~~~~~~~~~~~~
compilation terminated.
configure:7175: $? = 1
configure: failed program was:
| /* confdefs.h */
| #define PACKAGE_NAME "glu"
| #define PACKAGE_TARNAME "glu"
| #define PACKAGE_VERSION "9.0.0"
| #define PACKAGE_STRING "glu 9.0.0"
| #define PACKAGE_BUGREPORT "https://bugs.freedesktop.org/enter_bug.cgi?product=Mesa&component=GLU"
| #define PACKAGE_URL ""
| #define PACKAGE "glu"
| #define VERSION "9.0.0"
| /* end confdefs.h.  */
| #include <ac_nonexistent.h>
configure:7200: result: x86_64-pc-linux-gnu-gcc -m32 -E
configure:7220: x86_64-pc-linux-gnu-gcc -m32 -E  conftest.c
configure:7220: $? = 0
configure:7234: x86_64-pc-linux-gnu-gcc -m32 -E  conftest.c
conftest.c:11:10: fatal error: ac_nonexistent.h: No such file or directory
   11 | #include <ac_nonexistent.h>
      |          ^~~~~~~~~~~~~~~~~~
compilation terminated.
configure:7234: $? = 1
configure: failed program was:
| /* confdefs.h */
| #define PACKAGE_NAME "glu"
| #define PACKAGE_TARNAME "glu"
| #define PACKAGE_VERSION "9.0.0"
| #define PACKAGE_STRING "glu 9.0.0"
| #define PACKAGE_BUGREPORT "https://bugs.freedesktop.org/enter_bug.cgi?product=Mesa&component=GLU"
| #define PACKAGE_URL ""
| #define PACKAGE "glu"
| #define VERSION "9.0.0"
| /* end confdefs.h.  */
| #include <ac_nonexistent.h>
configure:7263: checking for ANSI C header files
configure:7283: x86_64-pc-linux-gnu-gcc -m32 -c -march=bdver2 -O3 -fgraphite-identity -floop-nest-optimize -fdevirtualize-at-ltrans -fipa-pta -fno-semantic-interposition -flto=8 -fuse-linker-plugin -fuse-ld=gold -pipe -Wl,-O1 -Wl,--as-needed -Wl,--hash-style=gnu  conftest.c >&5
configure:7283: $? = 0
configure:7356: x86_64-pc-linux-gnu-gcc -m32 -o conftest -march=bdver2 -O3 -fgraphite-identity -floop-nest-optimize -fdevirtualize-at-ltrans -fipa-pta -fno-semantic-interposition -flto=8 -fuse-linker-plugin -fuse-ld=gold -pipe -Wl,-O1 -Wl,--as-needed -Wl,--hash-style=gnu  -Wl,-O1 -Wl,--as-needed -Wl,--hash-style=gnu -march=bdver2 -O3 -fgraphite-identity -floop-nest-optimize -fdevirtualize-at-ltrans -fipa-pta -fno-semantic-interposition -flto=8 -fuse-linker-plugin -fuse-ld=gold -pipe conftest.c  >&5
configure:7356: $? = 0
configure:7356: ./conftest
configure:7356: $? = 0
configure:7367: result: yes
configure:7380: checking for sys/types.h
configure:7380: x86_64-pc-linux-gnu-gcc -m32 -c -march=bdver2 -O3 -fgraphite-identity -floop-nest-optimize -fdevirtualize-at-ltrans -fipa-pta -fno-semantic-interposition -flto=8 -fuse-linker-plugin -fuse-ld=gold -pipe -Wl,-O1 -Wl,--as-needed -Wl,--hash-style=gnu  conftest.c >&5
configure:7380: $? = 0
configure:7380: result: yes
configure:7380: checking for sys/stat.h
configure:7380: x86_64-pc-linux-gnu-gcc -m32 -c -march=bdver2 -O3 -fgraphite-identity -floop-nest-optimize -fdevirtualize-at-ltrans -fipa-pta -fno-semantic-interposition -flto=8 -fuse-linker-plugin -fuse-ld=gold -pipe -Wl,-O1 -Wl,--as-needed -Wl,--hash-style=gnu  conftest.c >&5
configure:7380: $? = 0
configure:7380: result: yes
configure:7380: checking for stdlib.h
configure:7380: x86_64-pc-linux-gnu-gcc -m32 -c -march=bdver2 -O3 -fgraphite-identity -floop-nest-optimize -fdevirtualize-at-ltrans -fipa-pta -fno-semantic-interposition -flto=8 -fuse-linker-plugin -fuse-ld=gold -pipe -Wl,-O1 -Wl,--as-needed -Wl,--hash-style=gnu  conftest.c >&5
configure:7380: $? = 0
configure:7380: result: yes
configure:7380: checking for string.h
configure:7380: x86_64-pc-linux-gnu-gcc -m32 -c -march=bdver2 -O3 -fgraphite-identity -floop-nest-optimize -fdevirtualize-at-ltrans -fipa-pta -fno-semantic-interposition -flto=8 -fuse-linker-plugin -fuse-ld=gold -pipe -Wl,-O1 -Wl,--as-needed -Wl,--hash-style=gnu  conftest.c >&5
configure:7380: $? = 0
configure:7380: result: yes
configure:7380: checking for memory.h
configure:7380: x86_64-pc-linux-gnu-gcc -m32 -c -march=bdver2 -O3 -fgraphite-identity -floop-nest-optimize -fdevirtualize-at-ltrans -fipa-pta -fno-semantic-interposition -flto=8 -fuse-linker-plugin -fuse-ld=gold -pipe -Wl,-O1 -Wl,--as-needed -Wl,--hash-style=gnu  conftest.c >&5
configure:7380: $? = 0
configure:7380: result: yes
configure:7380: checking for strings.h
configure:7380: x86_64-pc-linux-gnu-gcc -m32 -c -march=bdver2 -O3 -fgraphite-identity -floop-nest-optimize -fdevirtualize-at-ltrans -fipa-pta -fno-semantic-interposition -flto=8 -fuse-linker-plugin -fuse-ld=gold -pipe -Wl,-O1 -Wl,--as-needed -Wl,--hash-style=gnu  conftest.c >&5
configure:7380: $? = 0
configure:7380: result: yes
configure:7380: checking for inttypes.h
configure:7380: x86_64-pc-linux-gnu-gcc -m32 -c -march=bdver2 -O3 -fgraphite-identity -floop-nest-optimize -fdevirtualize-at-ltrans -fipa-pta -fno-semantic-interposition -flto=8 -fuse-linker-plugin -fuse-ld=gold -pipe -Wl,-O1 -Wl,--as-needed -Wl,--hash-style=gnu  conftest.c >&5
configure:7380: $? = 0
configure:7380: result: yes
configure:7380: checking for stdint.h
configure:7380: x86_64-pc-linux-gnu-gcc -m32 -c -march=bdver2 -O3 -fgraphite-identity -floop-nest-optimize -fdevirtualize-at-ltrans -fipa-pta -fno-semantic-interposition -flto=8 -fuse-linker-plugin -fuse-ld=gold -pipe -Wl,-O1 -Wl,--as-needed -Wl,--hash-style=gnu  conftest.c >&5
configure:7380: $? = 0
configure:7380: result: yes
configure:7380: checking for unistd.h
configure:7380: x86_64-pc-linux-gnu-gcc -m32 -c -march=bdver2 -O3 -fgraphite-identity -floop-nest-optimize -fdevirtualize-at-ltrans -fipa-pta -fno-semantic-interposition -flto=8 -fuse-linker-plugin -fuse-ld=gold -pipe -Wl,-O1 -Wl,--as-needed -Wl,--hash-style=gnu  conftest.c >&5
configure:7380: $? = 0
configure:7380: result: yes
configure:7394: checking for dlfcn.h
configure:7394: x86_64-pc-linux-gnu-gcc -m32 -c -march=bdver2 -O3 -fgraphite-identity -floop-nest-optimize -fdevirtualize-at-ltrans -fipa-pta -fno-semantic-interposition -flto=8 -fuse-linker-plugin -fuse-ld=gold -pipe -Wl,-O1 -Wl,--as-needed -Wl,--hash-style=gnu  conftest.c >&5
configure:7394: $? = 0
configure:7394: result: yes
configure:7581: checking for objdir
configure:7596: result: .libs
configure:7863: checking if x86_64-pc-linux-gnu-gcc -m32 supports -fno-rtti -fno-exceptions
configure:7881: x86_64-pc-linux-gnu-gcc -m32 -c -march=bdver2 -O3 -fgraphite-identity -floop-nest-optimize -fdevirtualize-at-ltrans -fipa-pta -fno-semantic-interposition -flto=8 -fuse-linker-plugin -fuse-ld=gold -pipe -Wl,-O1 -Wl,--as-needed -Wl,--hash-style=gnu  -fno-rtti -fno-exceptions conftest.c >&5
cc1: warning: command line option '-fno-rtti' is valid for C++/D/ObjC++ but not for C
configure:7885: $? = 0
configure:7898: result: no
configure:8208: checking for x86_64-pc-linux-gnu-gcc -m32 option to produce PIC
configure:8215: result: -fPIC -DPIC
configure:8223: checking if x86_64-pc-linux-gnu-gcc -m32 PIC flag -fPIC -DPIC works
configure:8241: x86_64-pc-linux-gnu-gcc -m32 -c -march=bdver2 -O3 -fgraphite-identity -floop-nest-optimize -fdevirtualize-at-ltrans -fipa-pta -fno-semantic-interposition -flto=8 -fuse-linker-plugin -fuse-ld=gold -pipe -Wl,-O1 -Wl,--as-needed -Wl,--hash-style=gnu  -fPIC -DPIC -DPIC conftest.c >&5
configure:8245: $? = 0
configure:8258: result: yes
configure:8287: checking if x86_64-pc-linux-gnu-gcc -m32 static flag -static works
configure:8315: result: yes
configure:8330: checking if x86_64-pc-linux-gnu-gcc -m32 supports -c -o file.o
configure:8351: x86_64-pc-linux-gnu-gcc -m32 -c -march=bdver2 -O3 -fgraphite-identity -floop-nest-optimize -fdevirtualize-at-ltrans -fipa-pta -fno-semantic-interposition -flto=8 -fuse-linker-plugin -fuse-ld=gold -pipe -Wl,-O1 -Wl,--as-needed -Wl,--hash-style=gnu  -o out/conftest2.o conftest.c >&5
configure:8355: $? = 0
configure:8377: result: yes
configure:8385: checking if x86_64-pc-linux-gnu-gcc -m32 supports -c -o file.o
configure:8432: result: yes
configure:8465: checking whether the x86_64-pc-linux-gnu-gcc -m32 linker (x86_64-pc-linux-gnu-ld -m elf_i386) supports shared libraries
configure:9623: result: yes
configure:9660: checking whether -lc should be explicitly linked in
configure:9668: x86_64-pc-linux-gnu-gcc -m32 -c -march=bdver2 -O3 -fgraphite-identity -floop-nest-optimize -fdevirtualize-at-ltrans -fipa-pta -fno-semantic-interposition -flto=8 -fuse-linker-plugin -fuse-ld=gold -pipe -Wl,-O1 -Wl,--as-needed -Wl,--hash-style=gnu  conftest.c >&5
configure:9671: $? = 0
configure:9686: x86_64-pc-linux-gnu-gcc -m32 -shared  -fPIC -DPIC conftest.o  -v -Wl,-soname -Wl,conftest -o conftest 2\>\&1 \| /bin/grep  -lc  \>/dev/null 2\>\&1
configure:9689: $? = 0
configure:9703: result: no
configure:9868: checking dynamic linker characteristics
configure:10395: x86_64-pc-linux-gnu-gcc -m32 -o conftest -march=bdver2 -O3 -fgraphite-identity -floop-nest-optimize -fdevirtualize-at-ltrans -fipa-pta -fno-semantic-interposition -flto=8 -fuse-linker-plugin -fuse-ld=gold -pipe -Wl,-O1 -Wl,--as-needed -Wl,--hash-style=gnu  -Wl,-O1 -Wl,--as-needed -Wl,--hash-style=gnu -march=bdver2 -O3 -fgraphite-identity -floop-nest-optimize -fdevirtualize-at-ltrans -fipa-pta -fno-semantic-interposition -flto=8 -fuse-linker-plugin -fuse-ld=gold -pipe -Wl,-rpath -Wl,/foo conftest.c  >&5
configure:10395: $? = 0
configure:10617: result: GNU/Linux ld.so
configure:10724: checking how to hardcode library paths into programs
configure:10749: result: immediate
configure:11289: checking whether stripping libraries is possible
configure:11294: result: yes
configure:11329: checking if libtool supports shared libraries
configure:11331: result: yes
configure:11334: checking whether to build shared libraries
configure:11355: result: yes
configure:11358: checking whether to build static libraries
configure:11362: result: no
configure:8387: checking how to run the C preprocessor
configure:8457: result: x86_64-pc-linux-gnu-gcc -m32 -E
configure:8477: x86_64-pc-linux-gnu-gcc -m32 -E  conftest.c
configure:8477: $? = 0
configure:8491: x86_64-pc-linux-gnu-gcc -m32 -E  conftest.c
conftest.c:23:10: fatal error: ac_nonexistent.h: No such file or directory
   23 | #include <ac_nonexistent.h>
      |          ^~~~~~~~~~~~~~~~~~
compilation terminated.
configure:8491: $? = 1
configure: failed program was:
| /* confdefs.h */
| #define PACKAGE_NAME "glu"
| #define PACKAGE_TARNAME "glu"
| #define PACKAGE_VERSION "9.0.0"
| #define PACKAGE_STRING "glu 9.0.0"
| #define PACKAGE_BUGREPORT "https://bugs.freedesktop.org/enter_bug.cgi?product=Mesa&component=GLU"
| #define PACKAGE_URL ""
| #define PACKAGE "glu"
| #define VERSION "9.0.0"
| #define STDC_HEADERS 1
| #define HAVE_SYS_TYPES_H 1
| #define HAVE_SYS_STAT_H 1
| #define HAVE_STDLIB_H 1
| #define HAVE_STRING_H 1
| #define HAVE_MEMORY_H 1
| #define HAVE_STRINGS_H 1
| #define HAVE_INTTYPES_H 1
| #define HAVE_STDINT_H 1
| #define HAVE_UNISTD_H 1
| #define HAVE_DLFCN_H 1
| #define LT_OBJDIR ".libs/"
| /* end confdefs.h.  */
| #include <ac_nonexistent.h>
configure:8527: checking for i686-pc-linux-gnu-gcc
configure:8554: result: x86_64-pc-linux-gnu-gcc -m32
configure:8823: checking for C compiler version
configure:8832: x86_64-pc-linux-gnu-gcc -m32 --version >&5
x86_64-pc-linux-gnu-gcc (Gentoo 9.1.0-r1 p1.1) 9.1.0
Copyright (C) 2019 Free Software Foundation, Inc.
This is free software; see the source for copying conditions.  There is NO
warranty; not even for MERCHANTABILITY or FITNESS FOR A PARTICULAR PURPOSE.

configure:8843: $? = 0
configure:8832: x86_64-pc-linux-gnu-gcc -m32 -v >&5
Using built-in specs.
COLLECT_GCC=x86_64-pc-linux-gnu-gcc
COLLECT_LTO_WRAPPER=/usr/libexec/gcc/x86_64-pc-linux-gnu/9.1.0/lto-wrapper
Target: x86_64-pc-linux-gnu
Configured with: /portage/tmp/portage/sys-devel/gcc-9.1.0-r1/work/gcc-9.1.0/configure --host=x86_64-pc-linux-gnu --build=x86_64-pc-linux-gnu --prefix=/usr --bindir=/usr/x86_64-pc-linux-gnu/gcc-bin/9.1.0 --includedir=/usr/lib/gcc/x86_64-pc-linux-gnu/9.1.0/include --datadir=/usr/share/gcc-data/x86_64-pc-linux-gnu/9.1.0 --mandir=/usr/share/gcc-data/x86_64-pc-linux-gnu/9.1.0/man --infodir=/usr/share/gcc-data/x86_64-pc-linux-gnu/9.1.0/info --with-gxx-include-dir=/usr/lib/gcc/x86_64-pc-linux-gnu/9.1.0/include/g++-v9 --with-python-dir=/share/gcc-data/x86_64-pc-linux-gnu/9.1.0/python --enable-languages=c,c++,fortran --enable-obsolete --enable-secureplt --disable-werror --with-system-zlib --enable-nls --without-included-gettext --enable-checking=release --with-bugurl=https://bugs.gentoo.org/ --with-pkgversion='Gentoo 9.1.0-r1 p1.1' --disable-esp --enable-libstdcxx-time --with-build-config=bootstrap-lto --enable-shared --enable-threads=posix --enable-__cxa_atexit --enable-clocale=gnu --enable-multilib --with-multilib-list=m32,m64 --disable-altivec --disable-fixed-point --enable-targets=all --enable-libgomp --disable-libmudflap --disable-libssp --disable-systemtap --enable-vtable-verify --enable-lto --with-isl --disable-isl-version-check --enable-default-pie --enable-default-ssp
Thread model: posix
gcc version 9.1.0 (Gentoo 9.1.0-r1 p1.1) 
configure:8843: $? = 0
configure:8832: x86_64-pc-linux-gnu-gcc -m32 -V >&5
x86_64-pc-linux-gnu-gcc: error: unrecognized command line option '-V'
x86_64-pc-linux-gnu-gcc: fatal error: no input files
compilation terminated.
configure:8843: $? = 1
configure:8832: x86_64-pc-linux-gnu-gcc -m32 -qversion >&5
x86_64-pc-linux-gnu-gcc: error: unrecognized command line option '-qversion'; did you mean '--version'?
x86_64-pc-linux-gnu-gcc: fatal error: no input files
compilation terminated.
configure:8843: $? = 1
configure:8847: checking whether we are using the GNU C compiler
configure:8875: result: yes
configure:8884: checking whether x86_64-pc-linux-gnu-gcc -m32 accepts -g
configure:8945: result: yes
configure:8962: checking for x86_64-pc-linux-gnu-gcc -m32 option to accept ISO C89
configure:9039: result: none needed
configure:9061: checking dependency style of x86_64-pc-linux-gnu-gcc -m32
configure:9172: result: none
configure:9299: checking for C++ compiler version
configure:9308: x86_64-pc-linux-gnu-g++ -m32 --version >&5
x86_64-pc-linux-gnu-g++ (Gentoo 9.1.0-r1 p1.1) 9.1.0
Copyright (C) 2019 Free Software Foundation, Inc.
This is free software; see the source for copying conditions.  There is NO
warranty; not even for MERCHANTABILITY or FITNESS FOR A PARTICULAR PURPOSE.

configure:9319: $? = 0
configure:9308: x86_64-pc-linux-gnu-g++ -m32 -v >&5
Using built-in specs.
COLLECT_GCC=x86_64-pc-linux-gnu-g++
COLLECT_LTO_WRAPPER=/usr/libexec/gcc/x86_64-pc-linux-gnu/9.1.0/lto-wrapper
Target: x86_64-pc-linux-gnu
Configured with: /portage/tmp/portage/sys-devel/gcc-9.1.0-r1/work/gcc-9.1.0/configure --host=x86_64-pc-linux-gnu --build=x86_64-pc-linux-gnu --prefix=/usr --bindir=/usr/x86_64-pc-linux-gnu/gcc-bin/9.1.0 --includedir=/usr/lib/gcc/x86_64-pc-linux-gnu/9.1.0/include --datadir=/usr/share/gcc-data/x86_64-pc-linux-gnu/9.1.0 --mandir=/usr/share/gcc-data/x86_64-pc-linux-gnu/9.1.0/man --infodir=/usr/share/gcc-data/x86_64-pc-linux-gnu/9.1.0/info --with-gxx-include-dir=/usr/lib/gcc/x86_64-pc-linux-gnu/9.1.0/include/g++-v9 --with-python-dir=/share/gcc-data/x86_64-pc-linux-gnu/9.1.0/python --enable-languages=c,c++,fortran --enable-obsolete --enable-secureplt --disable-werror --with-system-zlib --enable-nls --without-included-gettext --enable-checking=release --with-bugurl=https://bugs.gentoo.org/ --with-pkgversion='Gentoo 9.1.0-r1 p1.1' --disable-esp --enable-libstdcxx-time --with-build-config=bootstrap-lto --enable-shared --enable-threads=posix --enable-__cxa_atexit --enable-clocale=gnu --enable-multilib --with-multilib-list=m32,m64 --disable-altivec --disable-fixed-point --enable-targets=all --enable-libgomp --disable-libmudflap --disable-libssp --disable-systemtap --enable-vtable-verify --enable-lto --with-isl --disable-isl-version-check --enable-default-pie --enable-default-ssp
Thread model: posix
gcc version 9.1.0 (Gentoo 9.1.0-r1 p1.1) 
configure:9319: $? = 0
configure:9308: x86_64-pc-linux-gnu-g++ -m32 -V >&5
x86_64-pc-linux-gnu-g++: error: unrecognized command line option '-V'
x86_64-pc-linux-gnu-g++: fatal error: no input files
compilation terminated.
configure:9319: $? = 1
configure:9308: x86_64-pc-linux-gnu-g++ -m32 -qversion >&5
x86_64-pc-linux-gnu-g++: error: unrecognized command line option '-qversion'; did you mean '--version'?
x86_64-pc-linux-gnu-g++: fatal error: no input files
compilation terminated.
configure:9319: $? = 1
configure:9323: checking whether we are using the GNU C++ compiler
configure:9342: x86_64-pc-linux-gnu-g++ -m32 -c -march=bdver2 -O3 -fgraphite-identity -floop-nest-optimize -fdevirtualize-at-ltrans -fipa-pta -fno-semantic-interposition -flto=8 -fuse-linker-plugin -fuse-ld=gold -pipe -Wl,-O1 -Wl,--as-needed -Wl,--hash-style=gnu  conftest.cpp >&5
configure:9342: $? = 0
configure:9351: result: yes
configure:9360: checking whether x86_64-pc-linux-gnu-g++ -m32 accepts -g
configure:9380: x86_64-pc-linux-gnu-g++ -m32 -c -g  conftest.cpp >&5
configure:9380: $? = 0
configure:9421: result: yes
configure:9446: checking dependency style of x86_64-pc-linux-gnu-g++ -m32
configure:9557: result: none
configure:9590: checking how to run the C++ preprocessor
configure:9617: x86_64-pc-linux-gnu-g++ -m32 -E  conftest.cpp
configure:9617: $? = 0
configure:9631: x86_64-pc-linux-gnu-g++ -m32 -E  conftest.cpp
conftest.cpp:23:10: fatal error: ac_nonexistent.h: No such file or directory
   23 | #include <ac_nonexistent.h>
      |          ^~~~~~~~~~~~~~~~~~
compilation terminated.
configure:9631: $? = 1
configure: failed program was:
| /* confdefs.h */
| #define PACKAGE_NAME "glu"
| #define PACKAGE_TARNAME "glu"
| #define PACKAGE_VERSION "9.0.0"
| #define PACKAGE_STRING "glu 9.0.0"
| #define PACKAGE_BUGREPORT "https://bugs.freedesktop.org/enter_bug.cgi?product=Mesa&component=GLU"
| #define PACKAGE_URL ""
| #define PACKAGE "glu"
| #define VERSION "9.0.0"
| #define STDC_HEADERS 1
| #define HAVE_SYS_TYPES_H 1
| #define HAVE_SYS_STAT_H 1
| #define HAVE_STDLIB_H 1
| #define HAVE_STRING_H 1
| #define HAVE_MEMORY_H 1
| #define HAVE_STRINGS_H 1
| #define HAVE_INTTYPES_H 1
| #define HAVE_STDINT_H 1
| #define HAVE_UNISTD_H 1
| #define HAVE_DLFCN_H 1
| #define LT_OBJDIR ".libs/"
| /* end confdefs.h.  */
| #include <ac_nonexistent.h>
configure:9656: result: x86_64-pc-linux-gnu-g++ -m32 -E
configure:9676: x86_64-pc-linux-gnu-g++ -m32 -E  conftest.cpp
configure:9676: $? = 0
configure:9690: x86_64-pc-linux-gnu-g++ -m32 -E  conftest.cpp
conftest.cpp:23:10: fatal error: ac_nonexistent.h: No such file or directory
   23 | #include <ac_nonexistent.h>
      |          ^~~~~~~~~~~~~~~~~~
compilation terminated.
configure:9690: $? = 1
configure: failed program was:
| /* confdefs.h */
| #define PACKAGE_NAME "glu"
| #define PACKAGE_TARNAME "glu"
| #define PACKAGE_VERSION "9.0.0"
| #define PACKAGE_STRING "glu 9.0.0"
| #define PACKAGE_BUGREPORT "https://bugs.freedesktop.org/enter_bug.cgi?product=Mesa&component=GLU"
| #define PACKAGE_URL ""
| #define PACKAGE "glu"
| #define VERSION "9.0.0"
| #define STDC_HEADERS 1
| #define HAVE_SYS_TYPES_H 1
| #define HAVE_SYS_STAT_H 1
| #define HAVE_STDLIB_H 1
| #define HAVE_STRING_H 1
| #define HAVE_MEMORY_H 1
| #define HAVE_STRINGS_H 1
| #define HAVE_INTTYPES_H 1
| #define HAVE_STDINT_H 1
| #define HAVE_UNISTD_H 1
| #define HAVE_DLFCN_H 1
| #define LT_OBJDIR ".libs/"
| /* end confdefs.h.  */
| #include <ac_nonexistent.h>
configure:9860: checking for ld used by x86_64-pc-linux-gnu-g++ -m32
configure:9927: result: x86_64-pc-linux-gnu-ld -m elf_i386
configure:9934: checking if the linker (x86_64-pc-linux-gnu-ld -m elf_i386) is GNU ld
configure:9949: result: yes
configure:10004: checking whether the x86_64-pc-linux-gnu-g++ -m32 linker (x86_64-pc-linux-gnu-ld -m elf_i386) supports shared libraries
configure:11008: result: yes
configure:11043: x86_64-pc-linux-gnu-g++ -m32 -c -march=bdver2 -O3 -fgraphite-identity -floop-nest-optimize -fdevirtualize-at-ltrans -fipa-pta -fno-semantic-interposition -flto=8 -fuse-linker-plugin -fuse-ld=gold -pipe -Wl,-O1 -Wl,--as-needed -Wl,--hash-style=gnu  conftest.cpp >&5
configure:11046: $? = 0
configure:11566: checking for x86_64-pc-linux-gnu-g++ -m32 option to produce PIC
configure:11573: result: -fPIC -DPIC
configure:11581: checking if x86_64-pc-linux-gnu-g++ -m32 PIC flag -fPIC -DPIC works
configure:11599: x86_64-pc-linux-gnu-g++ -m32 -c -march=bdver2 -O3 -fgraphite-identity -floop-nest-optimize -fdevirtualize-at-ltrans -fipa-pta -fno-semantic-interposition -flto=8 -fuse-linker-plugin -fuse-ld=gold -pipe -Wl,-O1 -Wl,--as-needed -Wl,--hash-style=gnu  -fPIC -DPIC -DPIC conftest.cpp >&5
configure:11603: $? = 0
configure:11616: result: yes
configure:11639: checking if x86_64-pc-linux-gnu-g++ -m32 static flag -static works
configure:11667: result: yes
configure:11679: checking if x86_64-pc-linux-gnu-g++ -m32 supports -c -o file.o
configure:11700: x86_64-pc-linux-gnu-g++ -m32 -c -march=bdver2 -O3 -fgraphite-identity -floop-nest-optimize -fdevirtualize-at-ltrans -fipa-pta -fno-semantic-interposition -flto=8 -fuse-linker-plugin -fuse-ld=gold -pipe -Wl,-O1 -Wl,--as-needed -Wl,--hash-style=gnu  -o out/conftest2.o conftest.cpp >&5
configure:11704: $? = 0
configure:11726: result: yes
configure:11731: checking if x86_64-pc-linux-gnu-g++ -m32 supports -c -o file.o
configure:11778: result: yes
configure:11808: checking whether the x86_64-pc-linux-gnu-g++ -m32 linker (x86_64-pc-linux-gnu-ld -m elf_i386) supports shared libraries
configure:11842: result: yes
configure:11985: checking dynamic linker characteristics
configure:12668: result: GNU/Linux ld.so
configure:12721: checking how to hardcode library paths into programs
configure:12746: result: immediate
configure:11722: checking whether make supports nested variables
configure:11739: result: yes
configure:11770: checking for i686-pc-linux-gnu-pkg-config
configure:11788: found /usr/bin/i686-pc-linux-gnu-pkg-config
configure:11800: result: /usr/bin/i686-pc-linux-gnu-pkg-config
configure:11868: checking pkg-config is at least version 0.9.0
configure:11871: result: yes
configure:12051: checking for GL
configure:12058: $PKG_CONFIG --exists --print-errors "gl"
configure:12061: $? = 0
configure:12075: $PKG_CONFIG --exists --print-errors "gl"
configure:12078: $? = 0
configure:12218: result: yes
configure:12230: checking whether x86_64-pc-linux-gnu-gcc -m32 supports -fvisibility=hidden
configure:12245: x86_64-pc-linux-gnu-gcc -m32 -o conftest -march=bdver2 -O3 -fgraphite-identity -floop-nest-optimize -fdevirtualize-at-ltrans -fipa-pta -fno-semantic-interposition -flto=8 -fuse-linker-plugin -fuse-ld=gold -pipe -Wl,-O1 -Wl,--as-needed -Wl,--hash-style=gnu -fvisibility=hidden  -Wl,-O1 -Wl,--as-needed -Wl,--hash-style=gnu -march=bdver2 -O3 -fgraphite-identity -floop-nest-optimize -fdevirtualize-at-ltrans -fipa-pta -fno-semantic-interposition -flto=8 -fuse-linker-plugin -fuse-ld=gold -pipe conftest.c  >&5
configure:12245: $? = 0
configure:12246: result: yes
configure:12263: checking whether x86_64-pc-linux-gnu-g++ -m32 supports -fvisibility=hidden
configure:12284: x86_64-pc-linux-gnu-g++ -m32 -o conftest -march=bdver2 -O3 -fgraphite-identity -floop-nest-optimize -fdevirtualize-at-ltrans -fipa-pta -fno-semantic-interposition -flto=8 -fuse-linker-plugin -fuse-ld=gold -pipe -Wl,-O1 -Wl,--as-needed -Wl,--hash-style=gnu -fvisibility=hidden  -Wl,-O1 -Wl,--as-needed -Wl,--hash-style=gnu -march=bdver2 -O3 -fgraphite-identity -floop-nest-optimize -fdevirtualize-at-ltrans -fipa-pta -fno-semantic-interposition -flto=8 -fuse-linker-plugin -fuse-ld=gold -pipe conftest.cpp  >&5
configure:12284: $? = 0
configure:12285: result: yes
configure:12460: checking that generated files are newer than configure
configure:12466: result: done
configure:12497: creating ./config.status

## ---------------------- ##
## Running config.status. ##
## ---------------------- ##

This file was extended by glu config.status 9.0.0, which was
generated by GNU Autoconf 2.68.  Invocation command line was

  CONFIG_FILES    = 
  CONFIG_HEADERS  = 
  CONFIG_LINKS    = 
  CONFIG_COMMANDS = 
  $ ./config.status 

on GA990-FXA-UD3-FX8320

config.status:1091: creating Makefile
config.status:1091: creating glu.pc
config.status:1248: executing depfiles commands
config.status:1248: executing libtool commands

## ---------------- ##
## Cache variables. ##
## ---------------- ##

ac_cv_build=i686-pc-linux-gnu
ac_cv_c_compiler_gnu=yes
ac_cv_cxx_compiler_gnu=yes
ac_cv_env_CCC_set=
ac_cv_env_CCC_value=
ac_cv_env_CC_set=set
ac_cv_env_CC_value='x86_64-pc-linux-gnu-gcc -m32'
ac_cv_env_CFLAGS_set=set
ac_cv_env_CFLAGS_value='-march=bdver2 -O3 -fgraphite-identity -floop-nest-optimize -fdevirtualize-at-ltrans -fipa-pta -fno-semantic-interposition -flto=8 -fuse-linker-plugin -fuse-ld=gold -pipe -Wl,-O1 -Wl,--as-needed -Wl,--hash-style=gnu'
ac_cv_env_CPPFLAGS_set=
ac_cv_env_CPPFLAGS_value=
ac_cv_env_CPP_set=
ac_cv_env_CPP_value=
ac_cv_env_CXXCPP_set=
ac_cv_env_CXXCPP_value=
ac_cv_env_CXXFLAGS_set=set
ac_cv_env_CXXFLAGS_value='-march=bdver2 -O3 -fgraphite-identity -floop-nest-optimize -fdevirtualize-at-ltrans -fipa-pta -fno-semantic-interposition -flto=8 -fuse-linker-plugin -fuse-ld=gold -pipe -Wl,-O1 -Wl,--as-needed -Wl,--hash-style=gnu'
ac_cv_env_CXX_set=set
ac_cv_env_CXX_value='x86_64-pc-linux-gnu-g++ -m32'
ac_cv_env_GL_CFLAGS_set=
ac_cv_env_GL_CFLAGS_value=
ac_cv_env_GL_LIBS_set=
ac_cv_env_GL_LIBS_value=
ac_cv_env_LDFLAGS_set=set
ac_cv_env_LDFLAGS_value='-Wl,-O1 -Wl,--as-needed -Wl,--hash-style=gnu -march=bdver2 -O3 -fgraphite-identity -floop-nest-optimize -fdevirtualize-at-ltrans -fipa-pta -fno-semantic-interposition -flto=8 -fuse-linker-plugin -fuse-ld=gold -pipe'
ac_cv_env_LIBS_set=
ac_cv_env_LIBS_value=
ac_cv_env_OSMESA_CFLAGS_set=
ac_cv_env_OSMESA_CFLAGS_value=
ac_cv_env_OSMESA_LIBS_set=
ac_cv_env_OSMESA_LIBS_value=
ac_cv_env_PKG_CONFIG_LIBDIR_set=set
ac_cv_env_PKG_CONFIG_LIBDIR_value=/usr/lib/pkgconfig
ac_cv_env_PKG_CONFIG_PATH_set=set
ac_cv_env_PKG_CONFIG_PATH_value=/usr/share/pkgconfig
ac_cv_env_PKG_CONFIG_set=
ac_cv_env_PKG_CONFIG_value=
ac_cv_env_build_alias_set=set
ac_cv_env_build_alias_value=i686-pc-linux-gnu
ac_cv_env_host_alias_set=set
ac_cv_env_host_alias_value=i686-pc-linux-gnu
ac_cv_env_target_alias_set=
ac_cv_env_target_alias_value=
ac_cv_header_dlfcn_h=yes
ac_cv_header_inttypes_h=yes
ac_cv_header_memory_h=yes
ac_cv_header_stdc=yes
ac_cv_header_stdint_h=yes
ac_cv_header_stdlib_h=yes
ac_cv_header_string_h=yes
ac_cv_header_strings_h=yes
ac_cv_header_sys_stat_h=yes
ac_cv_header_sys_types_h=yes
ac_cv_header_unistd_h=yes
ac_cv_host=i686-pc-linux-gnu
ac_cv_objext=o
ac_cv_path_EGREP='/bin/grep -E'
ac_cv_path_FGREP='/bin/grep -F'
ac_cv_path_GREP=/bin/grep
ac_cv_path_PKG_CONFIG=/usr/bin/i686-pc-linux-gnu-pkg-config
ac_cv_path_SED=/bin/sed
ac_cv_path_install='/usr/lib/portage/python3.6/ebuild-helpers/xattr/install -c'
ac_cv_path_mkdir=/bin/mkdir
ac_cv_prog_AWK=gawk
ac_cv_prog_CC='x86_64-pc-linux-gnu-gcc -m32'
ac_cv_prog_CPP='x86_64-pc-linux-gnu-gcc -m32 -E'
ac_cv_prog_CXXCPP='x86_64-pc-linux-gnu-g++ -m32 -E'
ac_cv_prog_ac_ct_AR=ar
ac_cv_prog_ac_ct_OBJDUMP=objdump
ac_cv_prog_ac_ct_RANLIB=ranlib
ac_cv_prog_ac_ct_STRIP=strip
ac_cv_prog_cc_c89=
ac_cv_prog_cc_g=yes
ac_cv_prog_cxx_g=yes
ac_cv_prog_make_make_set=yes
am_cv_CC_dependencies_compiler_type=none
am_cv_CXX_dependencies_compiler_type=none
am_cv_make_support_nested_variables=yes
lt_cv_ar_at_file=@
lt_cv_archive_cmds_need_lc=no
lt_cv_deplibs_check_method=pass_all
lt_cv_file_magic_cmd='$MAGIC_CMD'
lt_cv_file_magic_test_file=
lt_cv_ld_reload_flag=-r
lt_cv_nm_interface='BSD nm'
lt_cv_objdir=.libs
lt_cv_path_LD='x86_64-pc-linux-gnu-ld -m elf_i386'
lt_cv_path_LDCXX='x86_64-pc-linux-gnu-ld -m elf_i386'
lt_cv_path_NM='/usr/bin/nm -B'
lt_cv_path_mainfest_tool=no
lt_cv_prog_compiler_c_o=yes
lt_cv_prog_compiler_c_o_CXX=yes
lt_cv_prog_compiler_pic='-fPIC -DPIC'
lt_cv_prog_compiler_pic_CXX='-fPIC -DPIC'
lt_cv_prog_compiler_pic_works=yes
lt_cv_prog_compiler_pic_works_CXX=yes
lt_cv_prog_compiler_rtti_exceptions=no
lt_cv_prog_compiler_static_works=yes
lt_cv_prog_compiler_static_works_CXX=yes
lt_cv_prog_gnu_ld=yes
lt_cv_prog_gnu_ldcxx=yes
lt_cv_sharedlib_from_linklib_cmd='printf %s\n'
lt_cv_shlibpath_overrides_runpath=yes
lt_cv_sys_global_symbol_pipe='sed -n -e '\''s/^.*[	 ]\([ABCDGIRSTW][ABCDGIRSTW]*\)[	 ][	 ]*\([_A-Za-z][_A-Za-z0-9]*\)$/\1 \2 \2/p'\'' | sed '\''/ __gnu_lto/d'\'''
lt_cv_sys_global_symbol_to_c_name_address='sed -n -e '\''s/^: \([^ ]*\)[ ]*$/  {\"\1\", (void *) 0},/p'\'' -e '\''s/^[ABCDGIRSTW]* \([^ ]*\) \([^ ]*\)$/  {"\2", (void *) \&\2},/p'\'''
lt_cv_sys_global_symbol_to_c_name_address_lib_prefix='sed -n -e '\''s/^: \([^ ]*\)[ ]*$/  {\"\1\", (void *) 0},/p'\'' -e '\''s/^[ABCDGIRSTW]* \([^ ]*\) \(lib[^ ]*\)$/  {"\2", (void *) \&\2},/p'\'' -e '\''s/^[ABCDGIRSTW]* \([^ ]*\) \([^ ]*\)$/  {"lib\2", (void *) \&\2},/p'\'''
lt_cv_sys_global_symbol_to_cdecl='sed -n -e '\''s/^T .* \(.*\)$/extern int \1();/p'\'' -e '\''s/^[ABCDGIRSTW]* .* \(.*\)$/extern char \1;/p'\'''
lt_cv_sys_max_cmd_len=1572864
lt_cv_to_host_file_cmd=func_convert_file_noop
lt_cv_to_tool_file_cmd=func_convert_file_noop
pkg_cv_GL_CFLAGS=-I/usr/include/libdrm
pkg_cv_GL_LIBS='-L/usr/lib -lGL'

## ----------------- ##
## Output variables. ##
## ----------------- ##

ACLOCAL='${SHELL} /portage/tmp/portage/media-libs/glu-9.0.0-r1/work/glu-9.0.0/missing --run aclocal-1.12'
AMDEPBACKSLASH=''
AMDEP_FALSE=''
AMDEP_TRUE='#'
AMTAR='$${TAR-tar}'
AM_BACKSLASH='\'
AM_DEFAULT_V='$(AM_DEFAULT_VERBOSITY)'
AM_DEFAULT_VERBOSITY='1'
AM_V='$(V)'
AR='ar'
AUTOCONF='${SHELL} /portage/tmp/portage/media-libs/glu-9.0.0-r1/work/glu-9.0.0/missing --run autoconf'
AUTOHEADER='${SHELL} /portage/tmp/portage/media-libs/glu-9.0.0-r1/work/glu-9.0.0/missing --run autoheader'
AUTOMAKE='${SHELL} /portage/tmp/portage/media-libs/glu-9.0.0-r1/work/glu-9.0.0/missing --run automake-1.12'
AWK='gawk'
CC='x86_64-pc-linux-gnu-gcc -m32'
CCDEPMODE='depmode=none'
CFLAGS='-march=bdver2 -O3 -fgraphite-identity -floop-nest-optimize -fdevirtualize-at-ltrans -fipa-pta -fno-semantic-interposition -flto=8 -fuse-linker-plugin -fuse-ld=gold -pipe -Wl,-O1 -Wl,--as-needed -Wl,--hash-style=gnu'
CPP='x86_64-pc-linux-gnu-gcc -m32 -E'
CPPFLAGS=''
CXX='x86_64-pc-linux-gnu-g++ -m32'
CXXCPP='x86_64-pc-linux-gnu-g++ -m32 -E'
CXXDEPMODE='depmode=none'
CXXFLAGS='-march=bdver2 -O3 -fgraphite-identity -floop-nest-optimize -fdevirtualize-at-ltrans -fipa-pta -fno-semantic-interposition -flto=8 -fuse-linker-plugin -fuse-ld=gold -pipe -Wl,-O1 -Wl,--as-needed -Wl,--hash-style=gnu'
CYGPATH_W='echo'
DEFS='-DPACKAGE_NAME=\"glu\" -DPACKAGE_TARNAME=\"glu\" -DPACKAGE_VERSION=\"9.0.0\" -DPACKAGE_STRING=\"glu\ 9.0.0\" -DPACKAGE_BUGREPORT=\"https://bugs.freedesktop.org/enter_bug.cgi\?product=Mesa\&component=GLU\" -DPACKAGE_URL=\"\" -DPACKAGE=\"glu\" -DVERSION=\"9.0.0\" -DSTDC_HEADERS=1 -DHAVE_SYS_TYPES_H=1 -DHAVE_SYS_STAT_H=1 -DHAVE_STDLIB_H=1 -DHAVE_STRING_H=1 -DHAVE_MEMORY_H=1 -DHAVE_STRINGS_H=1 -DHAVE_INTTYPES_H=1 -DHAVE_STDINT_H=1 -DHAVE_UNISTD_H=1 -DHAVE_DLFCN_H=1 -DLT_OBJDIR=\".libs/\"'
DEPDIR='.deps'
DLLTOOL='false'
DSYMUTIL=''
DUMPBIN=''
ECHO_C=''
ECHO_N='-n'
ECHO_T=''
EGREP='/bin/grep -E'
EXEEXT=''
FGREP='/bin/grep -F'
GLU_REQUIRES='gl'
GL_CFLAGS='-I/usr/include/libdrm'
GL_LIBS='-L/usr/lib -lGL'
GREP='/bin/grep'
INSTALL_DATA='${INSTALL} -m 644'
INSTALL_PROGRAM='${INSTALL}'
INSTALL_SCRIPT='${INSTALL}'
INSTALL_STRIP_PROGRAM='$(install_sh) -c -s'
LD='x86_64-pc-linux-gnu-ld -m elf_i386'
LDFLAGS='-Wl,-O1 -Wl,--as-needed -Wl,--hash-style=gnu -march=bdver2 -O3 -fgraphite-identity -floop-nest-optimize -fdevirtualize-at-ltrans -fipa-pta -fno-semantic-interposition -flto=8 -fuse-linker-plugin -fuse-ld=gold -pipe'
LIBOBJS=''
LIBS=''
LIBTOOL='$(SHELL) $(top_builddir)/libtool'
LIPO=''
LN_S='ln -s'
LTLIBOBJS=''
MAKEINFO='${SHELL} /portage/tmp/portage/media-libs/glu-9.0.0-r1/work/glu-9.0.0/missing --run makeinfo'
MANIFEST_TOOL=':'
MKDIR_P='/bin/mkdir -p'
NM='/usr/bin/nm -B'
NMEDIT=''
OBJDUMP='objdump'
OBJEXT='o'
OSMESA_CFLAGS=''
OSMESA_LIBS=''
OTOOL64=''
OTOOL=''
PACKAGE='glu'
PACKAGE_BUGREPORT='https://bugs.freedesktop.org/enter_bug.cgi?product=Mesa&component=GLU'
PACKAGE_NAME='glu'
PACKAGE_STRING='glu 9.0.0'
PACKAGE_TARNAME='glu'
PACKAGE_URL=''
PACKAGE_VERSION='9.0.0'
PATH_SEPARATOR=':'
PKG_CONFIG='/usr/bin/i686-pc-linux-gnu-pkg-config'
PKG_CONFIG_LIBDIR='/usr/lib/pkgconfig'
PKG_CONFIG_PATH='/usr/share/pkgconfig'
RANLIB='ranlib'
SED='/bin/sed'
SET_MAKE=''
SHELL='/bin/sh'
STRIP='strip'
VERSION='9.0.0'
VISIBILITY_CFLAGS='-fvisibility=hidden'
VISIBILITY_CXXFLAGS='-fvisibility=hidden'
WARNCFLAGS='-Wall'
WARNCXXFLAGS='-Wall'
ac_ct_AR='ar'
ac_ct_CC=''
ac_ct_CXX=''
ac_ct_DUMPBIN=''
am__EXEEXT_FALSE=''
am__EXEEXT_TRUE='#'
am__fastdepCC_FALSE=''
am__fastdepCC_TRUE='#'
am__fastdepCXX_FALSE=''
am__fastdepCXX_TRUE='#'
am__include='include'
am__isrc=' -I$(srcdir)'
am__leading_dot='.'
am__nodep=''
am__quote=''
am__tar='$${TAR-tar} chof - "$$tardir"'
am__untar='$${TAR-tar} xf -'
bindir='${exec_prefix}/bin'
build='i686-pc-linux-gnu'
build_alias='i686-pc-linux-gnu'
build_cpu='i686'
build_os='linux-gnu'
build_vendor='pc'
datadir='/usr/share'
datarootdir='${prefix}/share'
docdir='/usr/share/doc/glu-9.0.0-r1'
dvidir='${docdir}'
exec_prefix='${prefix}'
host='i686-pc-linux-gnu'
host_alias='i686-pc-linux-gnu'
host_cpu='i686'
host_os='linux-gnu'
host_vendor='pc'
htmldir='${docdir}'
includedir='${prefix}/include'
infodir='/usr/share/info'
install_sh='${SHELL} /portage/tmp/portage/media-libs/glu-9.0.0-r1/work/glu-9.0.0/install-sh'
libdir='/usr/lib'
libexecdir='${exec_prefix}/libexec'
localedir='${datarootdir}/locale'
localstatedir='/var/lib'
mandir='/usr/share/man'
mkdir_p='$(MKDIR_P)'
oldincludedir='/usr/include'
pdfdir='${docdir}'
prefix='/usr'
program_transform_name='s,x,x,'
psdir='${docdir}'
sbindir='${exec_prefix}/sbin'
sharedstatedir='${prefix}/com'
sysconfdir='/etc'
target_alias=''

## ----------- ##
## confdefs.h. ##
## ----------- ##

/* confdefs.h */
#define PACKAGE_NAME "glu"
#define PACKAGE_TARNAME "glu"
#define PACKAGE_VERSION "9.0.0"
#define PACKAGE_STRING "glu 9.0.0"
#define PACKAGE_BUGREPORT "https://bugs.freedesktop.org/enter_bug.cgi?product=Mesa&component=GLU"
#define PACKAGE_URL ""
#define PACKAGE "glu"
#define VERSION "9.0.0"
#define STDC_HEADERS 1
#define HAVE_SYS_TYPES_H 1
#define HAVE_SYS_STAT_H 1
#define HAVE_STDLIB_H 1
#define HAVE_STRING_H 1
#define HAVE_MEMORY_H 1
#define HAVE_STRINGS_H 1
#define HAVE_INTTYPES_H 1
#define HAVE_STDINT_H 1
#define HAVE_UNISTD_H 1
#define HAVE_DLFCN_H 1
#define LT_OBJDIR ".libs/"

configure: exit 0
